<?xml version="1.0" encoding="UTF-8"?>
<testsuite xmlns:xsi="http://www.w3.org/2001/XMLSchema-instance" xsi:noNamespaceSchemaLocation="https://maven.apache.org/surefire/maven-surefire-plugin/xsd/surefire-test-report.xsd" name="com.vish.trackerapp.TrackerappApplicationTests" time="5.653" tests="1" errors="1" skipped="0" failures="0">
  <properties>
[...]
</properties>
  <testcase name="contextLoads" classname="com.vish.trackerapp.TrackerappApplicationTests" time="0.01">
    <error message="Failed to load ApplicationContext for [WebMergedContextConfiguration@36d7a68a testClass = com.vish.trackerapp.TrackerappApplicationTests, locations = [], classes = [com.vish.trackerapp.TrackerappApplication], contextInitializerClasses = [], activeProfiles = [], propertySourceLocations = [], propertySourceProperties = [&quot;org.springframework.boot.test.context.SpringBootTestContextBootstrapper=true&quot;], contextCustomizers = [org.springframework.boot.test.context.filter.ExcludeFilterContextCustomizer@18df8434, org.springframework.boot.test.json.DuplicateJsonObjectContextCustomizerFactory$DuplicateJsonObjectContextCustomizer@1e0b4072, org.springframework.boot.test.mock.mockito.MockitoContextCustomizer@0, org.springframework.boot.test.web.client.TestRestTemplateContextCustomizer@5ab956d7, org.springframework.boot.test.autoconfigure.actuate.observability.ObservabilityContextCustomizerFactory$DisableObservabilityContextCustomizer@9da1, org.springframework.boot.test.autoconfigure.properties.PropertyMappingContextCustomizer@0, org.springframework.boot.test.autoconfigure.web.servlet.WebDriverContextCustomizerFactory$Customizer@793f29ff, org.springframework.boot.test.context.SpringBootTestAnnotation@5857331d], resourceBasePath = &quot;src/main/webapp&quot;, contextLoader = org.springframework.boot.test.context.SpringBootContextLoader, parent = null]" type="java.lang.IllegalStateException">java.lang.IllegalStateException: Failed to load ApplicationContext for [WebMergedContextConfiguration@36d7a68a testClass = com.vish.trackerapp.TrackerappApplicationTests, locations = [], classes = [com.vish.trackerapp.TrackerappApplication], contextInitializerClasses = [], activeProfiles = [], propertySourceLocations = [], propertySourceProperties = ["org.springframework.boot.test.context.SpringBootTestContextBootstrapper=true"], contextCustomizers = [org.springframework.boot.test.context.filter.ExcludeFilterContextCustomizer@18df8434, org.springframework.boot.test.json.DuplicateJsonObjectContextCustomizerFactory$DuplicateJsonObjectContextCustomizer@1e0b4072, org.springframework.boot.test.mock.mockito.MockitoContextCustomizer@0, org.springframework.boot.test.web.client.TestRestTemplateContextCustomizer@5ab956d7, org.springframework.boot.test.autoconfigure.actuate.observability.ObservabilityContextCustomizerFactory$DisableObservabilityContextCustomizer@9da1, org.springframework.boot.test.autoconfigure.properties.PropertyMappingContextCustomizer@0, org.springframework.boot.test.autoconfigure.web.servlet.WebDriverContextCustomizerFactory$Customizer@793f29ff, org.springframework.boot.test.context.SpringBootTestAnnotation@5857331d], resourceBasePath = "src/main/webapp", contextLoader = org.springframework.boot.test.context.SpringBootContextLoader, parent = null]
Caused by: org.springframework.beans.factory.UnsatisfiedDependencyException: Error creating bean with name 'mainController': Unsatisfied dependency expressed through field 'apiService': Error creating bean with name 'APIService': Invocation of init method failed
Caused by: org.springframework.beans.factory.BeanCreationException: Error creating bean with name 'APIService': Invocation of init method failed
Caused by: java.lang.NoSuchMethodError: 'float org.json.JSONObject.getFloat(java.lang.String)'
</error>
    <system-out><![CDATA[18:15:59.898 [main] DEBUG org.springframework.boot.test.context.SpringBootTestContextBootstrapper - Neither @ContextConfiguration nor @ContextHierarchy found for test class [TrackerappApplicationTests]: using SpringBootContextLoader
18:15:59.903 [main] DEBUG org.springframework.test.context.support.AbstractContextLoader - Could not detect default resource locations for test class [com.vish.trackerapp.TrackerappApplicationTests]: no resource found for suffixes {-context.xml, Context.groovy}.
18:15:59.903 [main] INFO org.springframework.test.context.support.AnnotationConfigContextLoaderUtils - Could not detect default configuration classes for test class [com.vish.trackerapp.TrackerappApplicationTests]: TrackerappApplicationTests does not declare any static, non-private, non-final, nested classes annotated with @Configuration.
18:15:59.936 [main] DEBUG org.springframework.boot.test.context.SpringBootTestContextBootstrapper - Using ContextCustomizers for test class [TrackerappApplicationTests]: [ExcludeFilterContextCustomizer, DuplicateJsonObjectContextCustomizer, MockitoContextCustomizer, TestRestTemplateContextCustomizer, DisableObservabilityContextCustomizer, PropertyMappingContextCustomizer, Customizer]
18:16:00.017 [main] DEBUG org.springframework.context.annotation.ClassPathScanningCandidateComponentProvider - Identified candidate component class: file [C:\Users\viswa\gitProjects\crypto-tracker\trackerapp\target\classes\com\vish\trackerapp\TrackerappApplication.class]
18:16:00.022 [main] INFO org.springframework.boot.test.context.SpringBootTestContextBootstrapper - Found @SpringBootConfiguration com.vish.trackerapp.TrackerappApplication for test class com.vish.trackerapp.TrackerappApplicationTests
18:16:00.171 [main] DEBUG org.springframework.boot.test.context.SpringBootTestContextBootstrapper - Using TestExecutionListeners for test class [TrackerappApplicationTests]: [ServletTestExecutionListener, DirtiesContextBeforeModesTestExecutionListener, ApplicationEventsTestExecutionListener, MockitoTestExecutionListener, DependencyInjectionTestExecutionListener, DirtiesContextTestExecutionListener, TransactionalTestExecutionListener, SqlScriptsTestExecutionListener, EventPublishingTestExecutionListener, ResetMocksTestExecutionListener, RestDocsTestExecutionListener, MockRestServiceServerResetTestExecutionListener, MockMvcPrintOnlyOnFailureTestExecutionListener, WebDriverTestExecutionListener, MockWebServiceServerTestExecutionListener]
18:16:00.173 [main] DEBUG org.springframework.test.context.support.AbstractDirtiesContextTestExecutionListener - Before test class: class [TrackerappApplicationTests], class annotated with @DirtiesContext [false] with mode [null]

  .   ____          _            __ _ _
 /\\ / ___'_ __ _ _(_)_ __  __ _ \ \ \ \
( ( )\___ | '_ | '_| | '_ \/ _` | \ \ \ \
 \\/  ___)| |_)| | | | | || (_| |  ) ) ) )
  '  |____| .__|_| |_|_| |_\__, | / / / /
 =========|_|==============|___/=/_/_/_/
 :: Spring Boot ::                (v3.0.0)

2023-03-28T18:16:00.617+11:00  WARN 27136 --- [           main] ory$DuplicateJsonObjectContextCustomizer : 

Found multiple occurrences of org.json.JSONObject on the class path:

	jar:file:/C:/Users/viswa/.m2/repository/com/vaadin/external/google/android-json/0.0.20131108.vaadin1/android-json-0.0.20131108.vaadin1.jar!/org/json/JSONObject.class
	jar:file:/C:/Users/viswa/.m2/repository/org/json/json/20180130/json-20180130.jar!/org/json/JSONObject.class

You may wish to exclude one of them to ensure predictable runtime behavior

2023-03-28T18:16:00.652+11:00  INFO 27136 --- [           main] c.v.t.TrackerappApplicationTests         : Starting TrackerappApplicationTests using Java 17.0.4.1 with PID 27136 (started by viswa in C:\Users\viswa\gitProjects\crypto-tracker\trackerapp)
2023-03-28T18:16:00.654+11:00  INFO 27136 --- [           main] c.v.t.TrackerappApplicationTests         : No active profile set, falling back to 1 default profile: "default"
2023-03-28T18:16:01.519+11:00  INFO 27136 --- [           main] .s.d.r.c.RepositoryConfigurationDelegate : Bootstrapping Spring Data JPA repositories in DEFAULT mode.
2023-03-28T18:16:01.549+11:00  INFO 27136 --- [           main] .s.d.r.c.RepositoryConfigurationDelegate : Finished Spring Data repository scanning in 16 ms. Found 0 JPA repository interfaces.
2023-03-28T18:16:02.237+11:00  INFO 27136 --- [           main] o.hibernate.jpa.internal.util.LogHelper  : HHH000204: Processing PersistenceUnitInfo [name: default]
2023-03-28T18:16:02.321+11:00  INFO 27136 --- [           main] org.hibernate.Version                    : HHH000412: Hibernate ORM core version 6.1.5.Final
2023-03-28T18:16:02.547+11:00  WARN 27136 --- [           main] org.hibernate.orm.deprecation            : HHH90000021: Encountered deprecated setting [javax.persistence.sharedCache.mode], use [jakarta.persistence.sharedCache.mode] instead
2023-03-28T18:16:02.698+11:00 DEBUG 27136 --- [           main] o.h.t.d.jdbc.spi.JdbcTypeRegistry        : addDescriptor(FloatTypeDescriptor) replaced previous registration(DoubleTypeDescriptor)
2023-03-28T18:16:02.715+11:00 DEBUG 27136 --- [           main] org.hibernate.type.BasicTypeRegistry     : Adding type registration boolean -> org.hibernate.type.BasicTypeReference@149c39b
2023-03-28T18:16:02.715+11:00 DEBUG 27136 --- [           main] org.hibernate.type.BasicTypeRegistry     : Adding type registration boolean -> org.hibernate.type.BasicTypeReference@149c39b
2023-03-28T18:16:02.715+11:00 DEBUG 27136 --- [           main] org.hibernate.type.BasicTypeRegistry     : Adding type registration java.lang.Boolean -> org.hibernate.type.BasicTypeReference@149c39b
2023-03-28T18:16:02.715+11:00 DEBUG 27136 --- [           main] org.hibernate.type.BasicTypeRegistry     : Adding type registration numeric_boolean -> org.hibernate.type.BasicTypeReference@f2d890c
2023-03-28T18:16:02.715+11:00 DEBUG 27136 --- [           main] org.hibernate.type.BasicTypeRegistry     : Adding type registration org.hibernate.type.NumericBooleanConverter -> org.hibernate.type.BasicTypeReference@f2d890c
2023-03-28T18:16:02.716+11:00 DEBUG 27136 --- [           main] org.hibernate.type.BasicTypeRegistry     : Adding type registration true_false -> org.hibernate.type.BasicTypeReference@1a2e0d57
2023-03-28T18:16:02.716+11:00 DEBUG 27136 --- [           main] org.hibernate.type.BasicTypeRegistry     : Adding type registration org.hibernate.type.TrueFalseConverter -> org.hibernate.type.BasicTypeReference@1a2e0d57
2023-03-28T18:16:02.716+11:00 DEBUG 27136 --- [           main] org.hibernate.type.BasicTypeRegistry     : Adding type registration yes_no -> org.hibernate.type.BasicTypeReference@5f025000
2023-03-28T18:16:02.716+11:00 DEBUG 27136 --- [           main] org.hibernate.type.BasicTypeRegistry     : Adding type registration org.hibernate.type.YesNoConverter -> org.hibernate.type.BasicTypeReference@5f025000
2023-03-28T18:16:02.716+11:00 DEBUG 27136 --- [           main] org.hibernate.type.BasicTypeRegistry     : Adding type registration byte -> org.hibernate.type.BasicTypeReference@10980560
2023-03-28T18:16:02.717+11:00 DEBUG 27136 --- [           main] org.hibernate.type.BasicTypeRegistry     : Adding type registration byte -> org.hibernate.type.BasicTypeReference@10980560
2023-03-28T18:16:02.718+11:00 DEBUG 27136 --- [           main] org.hibernate.type.BasicTypeRegistry     : Adding type registration java.lang.Byte -> org.hibernate.type.BasicTypeReference@10980560
2023-03-28T18:16:02.718+11:00 DEBUG 27136 --- [           main] org.hibernate.type.BasicTypeRegistry     : Adding type registration binary -> org.hibernate.type.BasicTypeReference@54ffa561
2023-03-28T18:16:02.718+11:00 DEBUG 27136 --- [           main] org.hibernate.type.BasicTypeRegistry     : Adding type registration byte[] -> org.hibernate.type.BasicTypeReference@54ffa561
2023-03-28T18:16:02.719+11:00 DEBUG 27136 --- [           main] org.hibernate.type.BasicTypeRegistry     : Adding type registration [B -> org.hibernate.type.BasicTypeReference@54ffa561
2023-03-28T18:16:02.719+11:00 DEBUG 27136 --- [           main] org.hibernate.type.BasicTypeRegistry     : Adding type registration binary_wrapper -> org.hibernate.type.BasicTypeReference@49c099b
2023-03-28T18:16:02.719+11:00 DEBUG 27136 --- [           main] org.hibernate.type.BasicTypeRegistry     : Adding type registration wrapper-binary -> org.hibernate.type.BasicTypeReference@49c099b
2023-03-28T18:16:02.719+11:00 DEBUG 27136 --- [           main] org.hibernate.type.BasicTypeRegistry     : Adding type registration Byte[] -> org.hibernate.type.BasicTypeReference@49c099b
2023-03-28T18:16:02.719+11:00 DEBUG 27136 --- [           main] org.hibernate.type.BasicTypeRegistry     : Adding type registration [Ljava.lang.Byte; -> org.hibernate.type.BasicTypeReference@49c099b
2023-03-28T18:16:02.719+11:00 DEBUG 27136 --- [           main] org.hibernate.type.BasicTypeRegistry     : Adding type registration image -> org.hibernate.type.BasicTypeReference@3d9f0a5
2023-03-28T18:16:02.719+11:00 DEBUG 27136 --- [           main] org.hibernate.type.BasicTypeRegistry     : Adding type registration blob -> org.hibernate.type.BasicTypeReference@1953bc95
2023-03-28T18:16:02.719+11:00 DEBUG 27136 --- [           main] org.hibernate.type.BasicTypeRegistry     : Adding type registration java.sql.Blob -> org.hibernate.type.BasicTypeReference@1953bc95
2023-03-28T18:16:02.719+11:00 DEBUG 27136 --- [           main] org.hibernate.type.BasicTypeRegistry     : Adding type registration materialized_blob -> org.hibernate.type.BasicTypeReference@30aec673
2023-03-28T18:16:02.719+11:00 DEBUG 27136 --- [           main] org.hibernate.type.BasicTypeRegistry     : Adding type registration materialized_blob_wrapper -> org.hibernate.type.BasicTypeReference@549ac12c
2023-03-28T18:16:02.720+11:00 DEBUG 27136 --- [           main] org.hibernate.type.BasicTypeRegistry     : Adding type registration short -> org.hibernate.type.BasicTypeReference@188a5fc2
2023-03-28T18:16:02.720+11:00 DEBUG 27136 --- [           main] org.hibernate.type.BasicTypeRegistry     : Adding type registration short -> org.hibernate.type.BasicTypeReference@188a5fc2
2023-03-28T18:16:02.720+11:00 DEBUG 27136 --- [           main] org.hibernate.type.BasicTypeRegistry     : Adding type registration java.lang.Short -> org.hibernate.type.BasicTypeReference@188a5fc2
2023-03-28T18:16:02.720+11:00 DEBUG 27136 --- [           main] org.hibernate.type.BasicTypeRegistry     : Adding type registration integer -> org.hibernate.type.BasicTypeReference@1cb9ef52
2023-03-28T18:16:02.720+11:00 DEBUG 27136 --- [           main] org.hibernate.type.BasicTypeRegistry     : Adding type registration int -> org.hibernate.type.BasicTypeReference@1cb9ef52
2023-03-28T18:16:02.720+11:00 DEBUG 27136 --- [           main] org.hibernate.type.BasicTypeRegistry     : Adding type registration java.lang.Integer -> org.hibernate.type.BasicTypeReference@1cb9ef52
2023-03-28T18:16:02.720+11:00 DEBUG 27136 --- [           main] org.hibernate.type.BasicTypeRegistry     : Adding type registration long -> org.hibernate.type.BasicTypeReference@5a622fe8
2023-03-28T18:16:02.721+11:00 DEBUG 27136 --- [           main] org.hibernate.type.BasicTypeRegistry     : Adding type registration long -> org.hibernate.type.BasicTypeReference@5a622fe8
2023-03-28T18:16:02.721+11:00 DEBUG 27136 --- [           main] org.hibernate.type.BasicTypeRegistry     : Adding type registration java.lang.Long -> org.hibernate.type.BasicTypeReference@5a622fe8
2023-03-28T18:16:02.721+11:00 DEBUG 27136 --- [           main] org.hibernate.type.BasicTypeRegistry     : Adding type registration float -> org.hibernate.type.BasicTypeReference@58f31629
2023-03-28T18:16:02.721+11:00 DEBUG 27136 --- [           main] org.hibernate.type.BasicTypeRegistry     : Adding type registration float -> org.hibernate.type.BasicTypeReference@58f31629
2023-03-28T18:16:02.721+11:00 DEBUG 27136 --- [           main] org.hibernate.type.BasicTypeRegistry     : Adding type registration java.lang.Float -> org.hibernate.type.BasicTypeReference@58f31629
2023-03-28T18:16:02.721+11:00 DEBUG 27136 --- [           main] org.hibernate.type.BasicTypeRegistry     : Adding type registration double -> org.hibernate.type.BasicTypeReference@124d26ba
2023-03-28T18:16:02.722+11:00 DEBUG 27136 --- [           main] org.hibernate.type.BasicTypeRegistry     : Adding type registration double -> org.hibernate.type.BasicTypeReference@124d26ba
2023-03-28T18:16:02.722+11:00 DEBUG 27136 --- [           main] org.hibernate.type.BasicTypeRegistry     : Adding type registration java.lang.Double -> org.hibernate.type.BasicTypeReference@124d26ba
2023-03-28T18:16:02.722+11:00 DEBUG 27136 --- [           main] org.hibernate.type.BasicTypeRegistry     : Adding type registration big_integer -> org.hibernate.type.BasicTypeReference@415d88de
2023-03-28T18:16:02.722+11:00 DEBUG 27136 --- [           main] org.hibernate.type.BasicTypeRegistry     : Adding type registration java.math.BigInteger -> org.hibernate.type.BasicTypeReference@415d88de
2023-03-28T18:16:02.722+11:00 DEBUG 27136 --- [           main] org.hibernate.type.BasicTypeRegistry     : Adding type registration big_decimal -> org.hibernate.type.BasicTypeReference@a0bf272
2023-03-28T18:16:02.723+11:00 DEBUG 27136 --- [           main] org.hibernate.type.BasicTypeRegistry     : Adding type registration java.math.BigDecimal -> org.hibernate.type.BasicTypeReference@a0bf272
2023-03-28T18:16:02.723+11:00 DEBUG 27136 --- [           main] org.hibernate.type.BasicTypeRegistry     : Adding type registration character -> org.hibernate.type.BasicTypeReference@4a89ef44
2023-03-28T18:16:02.723+11:00 DEBUG 27136 --- [           main] org.hibernate.type.BasicTypeRegistry     : Adding type registration char -> org.hibernate.type.BasicTypeReference@4a89ef44
2023-03-28T18:16:02.723+11:00 DEBUG 27136 --- [           main] org.hibernate.type.BasicTypeRegistry     : Adding type registration java.lang.Character -> org.hibernate.type.BasicTypeReference@4a89ef44
2023-03-28T18:16:02.723+11:00 DEBUG 27136 --- [           main] org.hibernate.type.BasicTypeRegistry     : Adding type registration character_nchar -> org.hibernate.type.BasicTypeReference@310a7859
2023-03-28T18:16:02.723+11:00 DEBUG 27136 --- [           main] org.hibernate.type.BasicTypeRegistry     : Adding type registration string -> org.hibernate.type.BasicTypeReference@1cbc1dde
2023-03-28T18:16:02.723+11:00 DEBUG 27136 --- [           main] org.hibernate.type.BasicTypeRegistry     : Adding type registration java.lang.String -> org.hibernate.type.BasicTypeReference@1cbc1dde
2023-03-28T18:16:02.723+11:00 DEBUG 27136 --- [           main] org.hibernate.type.BasicTypeRegistry     : Adding type registration nstring -> org.hibernate.type.BasicTypeReference@4971f459
2023-03-28T18:16:02.724+11:00 DEBUG 27136 --- [           main] org.hibernate.type.BasicTypeRegistry     : Adding type registration characters -> org.hibernate.type.BasicTypeReference@4c07d1fc
2023-03-28T18:16:02.724+11:00 DEBUG 27136 --- [           main] org.hibernate.type.BasicTypeRegistry     : Adding type registration char[] -> org.hibernate.type.BasicTypeReference@4c07d1fc
2023-03-28T18:16:02.724+11:00 DEBUG 27136 --- [           main] org.hibernate.type.BasicTypeRegistry     : Adding type registration [C -> org.hibernate.type.BasicTypeReference@4c07d1fc
2023-03-28T18:16:02.724+11:00 DEBUG 27136 --- [           main] org.hibernate.type.BasicTypeRegistry     : Adding type registration wrapper-characters -> org.hibernate.type.BasicTypeReference@2eada095
2023-03-28T18:16:02.724+11:00 DEBUG 27136 --- [           main] org.hibernate.type.BasicTypeRegistry     : Adding type registration [Ljava.lang.Character; -> org.hibernate.type.BasicTypeReference@2eada095
2023-03-28T18:16:02.725+11:00 DEBUG 27136 --- [           main] org.hibernate.type.BasicTypeRegistry     : Adding type registration Character[] -> org.hibernate.type.BasicTypeReference@2eada095
2023-03-28T18:16:02.725+11:00 DEBUG 27136 --- [           main] org.hibernate.type.BasicTypeRegistry     : Adding type registration text -> org.hibernate.type.BasicTypeReference@52831a73
2023-03-28T18:16:02.725+11:00 DEBUG 27136 --- [           main] org.hibernate.type.BasicTypeRegistry     : Adding type registration ntext -> org.hibernate.type.BasicTypeReference@1416ff46
2023-03-28T18:16:02.725+11:00 DEBUG 27136 --- [           main] org.hibernate.type.BasicTypeRegistry     : Adding type registration clob -> org.hibernate.type.BasicTypeReference@66ec4409
2023-03-28T18:16:02.725+11:00 DEBUG 27136 --- [           main] org.hibernate.type.BasicTypeRegistry     : Adding type registration java.sql.Clob -> org.hibernate.type.BasicTypeReference@66ec4409
2023-03-28T18:16:02.726+11:00 DEBUG 27136 --- [           main] org.hibernate.type.BasicTypeRegistry     : Adding type registration nclob -> org.hibernate.type.BasicTypeReference@2506e949
2023-03-28T18:16:02.726+11:00 DEBUG 27136 --- [           main] org.hibernate.type.BasicTypeRegistry     : Adding type registration java.sql.NClob -> org.hibernate.type.BasicTypeReference@2506e949
2023-03-28T18:16:02.726+11:00 DEBUG 27136 --- [           main] org.hibernate.type.BasicTypeRegistry     : Adding type registration materialized_clob -> org.hibernate.type.BasicTypeReference@6f1c3f18
2023-03-28T18:16:02.726+11:00 DEBUG 27136 --- [           main] org.hibernate.type.BasicTypeRegistry     : Adding type registration materialized_clob_char_array -> org.hibernate.type.BasicTypeReference@4c531172
2023-03-28T18:16:02.726+11:00 DEBUG 27136 --- [           main] org.hibernate.type.BasicTypeRegistry     : Adding type registration materialized_clob_character_array -> org.hibernate.type.BasicTypeReference@489bc8fd
2023-03-28T18:16:02.726+11:00 DEBUG 27136 --- [           main] org.hibernate.type.BasicTypeRegistry     : Adding type registration materialized_nclob -> org.hibernate.type.BasicTypeReference@5ac53c06
2023-03-28T18:16:02.726+11:00 DEBUG 27136 --- [           main] org.hibernate.type.BasicTypeRegistry     : Adding type registration materialized_nclob_character_array -> org.hibernate.type.BasicTypeReference@54af3cb9
2023-03-28T18:16:02.727+11:00 DEBUG 27136 --- [           main] org.hibernate.type.BasicTypeRegistry     : Adding type registration materialized_nclob_char_array -> org.hibernate.type.BasicTypeReference@236fdf
2023-03-28T18:16:02.727+11:00 DEBUG 27136 --- [           main] org.hibernate.type.BasicTypeRegistry     : Adding type registration Duration -> org.hibernate.type.BasicTypeReference@16e99306
2023-03-28T18:16:02.727+11:00 DEBUG 27136 --- [           main] org.hibernate.type.BasicTypeRegistry     : Adding type registration java.time.Duration -> org.hibernate.type.BasicTypeReference@16e99306
2023-03-28T18:16:02.727+11:00 DEBUG 27136 --- [           main] org.hibernate.type.BasicTypeRegistry     : Adding type registration LocalDateTime -> org.hibernate.type.BasicTypeReference@653fb8d1
2023-03-28T18:16:02.727+11:00 DEBUG 27136 --- [           main] org.hibernate.type.BasicTypeRegistry     : Adding type registration java.time.LocalDateTime -> org.hibernate.type.BasicTypeReference@653fb8d1
2023-03-28T18:16:02.727+11:00 DEBUG 27136 --- [           main] org.hibernate.type.BasicTypeRegistry     : Adding type registration LocalDate -> org.hibernate.type.BasicTypeReference@48581a3b
2023-03-28T18:16:02.728+11:00 DEBUG 27136 --- [           main] org.hibernate.type.BasicTypeRegistry     : Adding type registration java.time.LocalDate -> org.hibernate.type.BasicTypeReference@48581a3b
2023-03-28T18:16:02.728+11:00 DEBUG 27136 --- [           main] org.hibernate.type.BasicTypeRegistry     : Adding type registration LocalTime -> org.hibernate.type.BasicTypeReference@531ec978
2023-03-28T18:16:02.728+11:00 DEBUG 27136 --- [           main] org.hibernate.type.BasicTypeRegistry     : Adding type registration java.time.LocalTime -> org.hibernate.type.BasicTypeReference@531ec978
2023-03-28T18:16:02.728+11:00 DEBUG 27136 --- [           main] org.hibernate.type.BasicTypeRegistry     : Adding type registration OffsetDateTime -> org.hibernate.type.BasicTypeReference@93501be
2023-03-28T18:16:02.728+11:00 DEBUG 27136 --- [           main] org.hibernate.type.BasicTypeRegistry     : Adding type registration java.time.OffsetDateTime -> org.hibernate.type.BasicTypeReference@93501be
2023-03-28T18:16:02.728+11:00 DEBUG 27136 --- [           main] org.hibernate.type.BasicTypeRegistry     : Adding type registration OffsetDateTimeWithTimezone -> org.hibernate.type.BasicTypeReference@11d4d979
2023-03-28T18:16:02.728+11:00 DEBUG 27136 --- [           main] org.hibernate.type.BasicTypeRegistry     : Adding type registration OffsetDateTimeWithoutTimezone -> org.hibernate.type.BasicTypeReference@195580ba
2023-03-28T18:16:02.728+11:00 DEBUG 27136 --- [           main] org.hibernate.type.BasicTypeRegistry     : Adding type registration OffsetTime -> org.hibernate.type.BasicTypeReference@3c25cfe1
2023-03-28T18:16:02.729+11:00 DEBUG 27136 --- [           main] org.hibernate.type.BasicTypeRegistry     : Adding type registration java.time.OffsetTime -> org.hibernate.type.BasicTypeReference@3c25cfe1
2023-03-28T18:16:02.729+11:00 DEBUG 27136 --- [           main] org.hibernate.type.BasicTypeRegistry     : Adding type registration ZonedDateTime -> org.hibernate.type.BasicTypeReference@1d3c112a
2023-03-28T18:16:02.729+11:00 DEBUG 27136 --- [           main] org.hibernate.type.BasicTypeRegistry     : Adding type registration java.time.ZonedDateTime -> org.hibernate.type.BasicTypeReference@1d3c112a
2023-03-28T18:16:02.729+11:00 DEBUG 27136 --- [           main] org.hibernate.type.BasicTypeRegistry     : Adding type registration ZonedDateTimeWithTimezone -> org.hibernate.type.BasicTypeReference@2a140ce5
2023-03-28T18:16:02.729+11:00 DEBUG 27136 --- [           main] org.hibernate.type.BasicTypeRegistry     : Adding type registration ZonedDateTimeWithoutTimezone -> org.hibernate.type.BasicTypeReference@1f71194d
2023-03-28T18:16:02.729+11:00 DEBUG 27136 --- [           main] org.hibernate.type.BasicTypeRegistry     : Adding type registration date -> org.hibernate.type.BasicTypeReference@db99785
2023-03-28T18:16:02.730+11:00 DEBUG 27136 --- [           main] org.hibernate.type.BasicTypeRegistry     : Adding type registration java.sql.Date -> org.hibernate.type.BasicTypeReference@db99785
2023-03-28T18:16:02.730+11:00 DEBUG 27136 --- [           main] org.hibernate.type.BasicTypeRegistry     : Adding type registration time -> org.hibernate.type.BasicTypeReference@70716259
2023-03-28T18:16:02.730+11:00 DEBUG 27136 --- [           main] org.hibernate.type.BasicTypeRegistry     : Adding type registration java.sql.Time -> org.hibernate.type.BasicTypeReference@70716259
2023-03-28T18:16:02.730+11:00 DEBUG 27136 --- [           main] org.hibernate.type.BasicTypeRegistry     : Adding type registration timestamp -> org.hibernate.type.BasicTypeReference@7a083b96
2023-03-28T18:16:02.731+11:00 DEBUG 27136 --- [           main] org.hibernate.type.BasicTypeRegistry     : Adding type registration java.sql.Timestamp -> org.hibernate.type.BasicTypeReference@7a083b96
2023-03-28T18:16:02.731+11:00 DEBUG 27136 --- [           main] org.hibernate.type.BasicTypeRegistry     : Adding type registration java.util.Date -> org.hibernate.type.BasicTypeReference@7a083b96
2023-03-28T18:16:02.731+11:00 DEBUG 27136 --- [           main] org.hibernate.type.BasicTypeRegistry     : Adding type registration calendar -> org.hibernate.type.BasicTypeReference@6da4feeb
2023-03-28T18:16:02.732+11:00 DEBUG 27136 --- [           main] org.hibernate.type.BasicTypeRegistry     : Adding type registration java.util.Calendar -> org.hibernate.type.BasicTypeReference@6da4feeb
2023-03-28T18:16:02.732+11:00 DEBUG 27136 --- [           main] org.hibernate.type.BasicTypeRegistry     : Adding type registration java.util.GregorianCalendar -> org.hibernate.type.BasicTypeReference@6da4feeb
2023-03-28T18:16:02.733+11:00 DEBUG 27136 --- [           main] org.hibernate.type.BasicTypeRegistry     : Adding type registration calendar_date -> org.hibernate.type.BasicTypeReference@2c604965
2023-03-28T18:16:02.733+11:00 DEBUG 27136 --- [           main] org.hibernate.type.BasicTypeRegistry     : Adding type registration calendar_time -> org.hibernate.type.BasicTypeReference@57f8951a
2023-03-28T18:16:02.733+11:00 DEBUG 27136 --- [           main] org.hibernate.type.BasicTypeRegistry     : Adding type registration instant -> org.hibernate.type.BasicTypeReference@6c17c0f8
2023-03-28T18:16:02.733+11:00 DEBUG 27136 --- [           main] org.hibernate.type.BasicTypeRegistry     : Adding type registration java.time.Instant -> org.hibernate.type.BasicTypeReference@6c17c0f8
2023-03-28T18:16:02.733+11:00 DEBUG 27136 --- [           main] org.hibernate.type.BasicTypeRegistry     : Adding type registration uuid -> org.hibernate.type.BasicTypeReference@260e3837
2023-03-28T18:16:02.733+11:00 DEBUG 27136 --- [           main] org.hibernate.type.BasicTypeRegistry     : Adding type registration java.util.UUID -> org.hibernate.type.BasicTypeReference@260e3837
2023-03-28T18:16:02.733+11:00 DEBUG 27136 --- [           main] org.hibernate.type.BasicTypeRegistry     : Adding type registration pg-uuid -> org.hibernate.type.BasicTypeReference@260e3837
2023-03-28T18:16:02.734+11:00 DEBUG 27136 --- [           main] org.hibernate.type.BasicTypeRegistry     : Adding type registration uuid-binary -> org.hibernate.type.BasicTypeReference@88b76f2
2023-03-28T18:16:02.734+11:00 DEBUG 27136 --- [           main] org.hibernate.type.BasicTypeRegistry     : Adding type registration uuid-char -> org.hibernate.type.BasicTypeReference@1b4872bc
2023-03-28T18:16:02.734+11:00 DEBUG 27136 --- [           main] org.hibernate.type.BasicTypeRegistry     : Adding type registration class -> org.hibernate.type.BasicTypeReference@498a612d
2023-03-28T18:16:02.734+11:00 DEBUG 27136 --- [           main] org.hibernate.type.BasicTypeRegistry     : Adding type registration java.lang.Class -> org.hibernate.type.BasicTypeReference@498a612d
2023-03-28T18:16:02.735+11:00 DEBUG 27136 --- [           main] org.hibernate.type.BasicTypeRegistry     : Adding type registration currency -> org.hibernate.type.BasicTypeReference@1e1237ab
2023-03-28T18:16:02.735+11:00 DEBUG 27136 --- [           main] org.hibernate.type.BasicTypeRegistry     : Adding type registration Currency -> org.hibernate.type.BasicTypeReference@1e1237ab
2023-03-28T18:16:02.735+11:00 DEBUG 27136 --- [           main] org.hibernate.type.BasicTypeRegistry     : Adding type registration java.util.Currency -> org.hibernate.type.BasicTypeReference@1e1237ab
2023-03-28T18:16:02.735+11:00 DEBUG 27136 --- [           main] org.hibernate.type.BasicTypeRegistry     : Adding type registration locale -> org.hibernate.type.BasicTypeReference@4dfdfe7d
2023-03-28T18:16:02.735+11:00 DEBUG 27136 --- [           main] org.hibernate.type.BasicTypeRegistry     : Adding type registration java.util.Locale -> org.hibernate.type.BasicTypeReference@4dfdfe7d
2023-03-28T18:16:02.736+11:00 DEBUG 27136 --- [           main] org.hibernate.type.BasicTypeRegistry     : Adding type registration serializable -> org.hibernate.type.BasicTypeReference@1578b8ec
2023-03-28T18:16:02.736+11:00 DEBUG 27136 --- [           main] org.hibernate.type.BasicTypeRegistry     : Adding type registration java.io.Serializable -> org.hibernate.type.BasicTypeReference@1578b8ec
2023-03-28T18:16:02.736+11:00 DEBUG 27136 --- [           main] org.hibernate.type.BasicTypeRegistry     : Adding type registration timezone -> org.hibernate.type.BasicTypeReference@f613067
2023-03-28T18:16:02.736+11:00 DEBUG 27136 --- [           main] org.hibernate.type.BasicTypeRegistry     : Adding type registration java.util.TimeZone -> org.hibernate.type.BasicTypeReference@f613067
2023-03-28T18:16:02.736+11:00 DEBUG 27136 --- [           main] org.hibernate.type.BasicTypeRegistry     : Adding type registration ZoneOffset -> org.hibernate.type.BasicTypeReference@c1e14f
2023-03-28T18:16:02.736+11:00 DEBUG 27136 --- [           main] org.hibernate.type.BasicTypeRegistry     : Adding type registration java.time.ZoneOffset -> org.hibernate.type.BasicTypeReference@c1e14f
2023-03-28T18:16:02.736+11:00 DEBUG 27136 --- [           main] org.hibernate.type.BasicTypeRegistry     : Adding type registration url -> org.hibernate.type.BasicTypeReference@226de93c
2023-03-28T18:16:02.736+11:00 DEBUG 27136 --- [           main] org.hibernate.type.BasicTypeRegistry     : Adding type registration java.net.URL -> org.hibernate.type.BasicTypeReference@226de93c
2023-03-28T18:16:02.737+11:00 DEBUG 27136 --- [           main] org.hibernate.type.BasicTypeRegistry     : Adding type registration row_version -> org.hibernate.type.BasicTypeReference@72028a45
2023-03-28T18:16:02.746+11:00 DEBUG 27136 --- [           main] org.hibernate.type.BasicTypeRegistry     : Adding type registration dbtimestamp -> org.hibernate.type.DbTimestampType@3434a4f0
2023-03-28T18:16:02.747+11:00 DEBUG 27136 --- [           main] org.hibernate.type.BasicTypeRegistry     : Adding type registration dbtimestamp -> org.hibernate.type.DbTimestampType@3434a4f0
2023-03-28T18:16:02.752+11:00 DEBUG 27136 --- [           main] org.hibernate.type.BasicTypeRegistry     : Adding type registration object -> org.hibernate.type.JavaObjectType@678a9516
2023-03-28T18:16:02.752+11:00 DEBUG 27136 --- [           main] org.hibernate.type.BasicTypeRegistry     : Adding type registration java.lang.Object -> org.hibernate.type.JavaObjectType@678a9516
2023-03-28T18:16:02.755+11:00 DEBUG 27136 --- [           main] org.hibernate.type.BasicTypeRegistry     : Adding type registration null -> org.hibernate.type.NullType@4e424582
2023-03-28T18:16:02.755+11:00 DEBUG 27136 --- [           main] org.hibernate.type.BasicTypeRegistry     : Adding type registration imm_date -> org.hibernate.type.BasicTypeReference@58dad04a
2023-03-28T18:16:02.755+11:00 DEBUG 27136 --- [           main] org.hibernate.type.BasicTypeRegistry     : Adding type registration imm_time -> org.hibernate.type.BasicTypeReference@73e776b7
2023-03-28T18:16:02.756+11:00 DEBUG 27136 --- [           main] org.hibernate.type.BasicTypeRegistry     : Adding type registration imm_timestamp -> org.hibernate.type.BasicTypeReference@113ee1ce
2023-03-28T18:16:02.756+11:00 DEBUG 27136 --- [           main] org.hibernate.type.BasicTypeRegistry     : Adding type registration imm_calendar -> org.hibernate.type.BasicTypeReference@4d0cc83e
2023-03-28T18:16:02.756+11:00 DEBUG 27136 --- [           main] org.hibernate.type.BasicTypeRegistry     : Adding type registration imm_calendar_date -> org.hibernate.type.BasicTypeReference@43da0955
2023-03-28T18:16:02.756+11:00 DEBUG 27136 --- [           main] org.hibernate.type.BasicTypeRegistry     : Adding type registration imm_calendar_time -> org.hibernate.type.BasicTypeReference@bc09d57
2023-03-28T18:16:02.756+11:00 DEBUG 27136 --- [           main] org.hibernate.type.BasicTypeRegistry     : Adding type registration imm_binary -> org.hibernate.type.BasicTypeReference@6d963d70
2023-03-28T18:16:02.756+11:00 DEBUG 27136 --- [           main] org.hibernate.type.BasicTypeRegistry     : Adding type registration imm_serializable -> org.hibernate.type.BasicTypeReference@467045c4
2023-03-28T18:16:02.795+11:00  INFO 27136 --- [           main] com.zaxxer.hikari.HikariDataSource       : HikariPool-1 - Starting...
2023-03-28T18:16:03.048+11:00  INFO 27136 --- [           main] com.zaxxer.hikari.pool.HikariPool        : HikariPool-1 - Added connection com.mysql.cj.jdbc.ConnectionImpl@3079c26a
2023-03-28T18:16:03.052+11:00  INFO 27136 --- [           main] com.zaxxer.hikari.HikariDataSource       : HikariPool-1 - Start completed.
2023-03-28T18:16:03.088+11:00  INFO 27136 --- [           main] SQL dialect                              : HHH000400: Using dialect: org.hibernate.dialect.MySQL8Dialect
2023-03-28T18:16:03.089+11:00  WARN 27136 --- [           main] org.hibernate.orm.deprecation            : HHH90000026: MySQL8Dialect has been deprecated; use org.hibernate.dialect.MySQLDialect instead
2023-03-28T18:16:03.150+11:00 DEBUG 27136 --- [           main] o.h.t.d.sql.spi.DdlTypeRegistry          : addDescriptor(12, org.hibernate.type.descriptor.sql.internal.CapacityDependentDdlType@283ab206) replaced previous registration(org.hibernate.type.descriptor.sql.internal.CapacityDependentDdlType@35fa450f)
2023-03-28T18:16:03.150+11:00 DEBUG 27136 --- [           main] o.h.t.d.sql.spi.DdlTypeRegistry          : addDescriptor(-9, org.hibernate.type.descriptor.sql.internal.CapacityDependentDdlType@3e03046d) replaced previous registration(org.hibernate.type.descriptor.sql.internal.CapacityDependentDdlType@9b3be1c)
2023-03-28T18:16:03.151+11:00 DEBUG 27136 --- [           main] o.h.t.d.sql.spi.DdlTypeRegistry          : addDescriptor(-3, org.hibernate.type.descriptor.sql.internal.CapacityDependentDdlType@74e497ae) replaced previous registration(org.hibernate.type.descriptor.sql.internal.CapacityDependentDdlType@13516600)
2023-03-28T18:16:03.151+11:00 DEBUG 27136 --- [           main] o.h.t.d.sql.spi.DdlTypeRegistry          : addDescriptor(4003, org.hibernate.type.descriptor.sql.internal.DdlTypeImpl@35d7386b) replaced previous registration(org.hibernate.type.descriptor.sql.internal.DdlTypeImpl@21002393)
2023-03-28T18:16:03.151+11:00 DEBUG 27136 --- [           main] o.h.t.d.sql.spi.DdlTypeRegistry          : addDescriptor(4001, org.hibernate.type.descriptor.sql.internal.DdlTypeImpl@718989fa) replaced previous registration(org.hibernate.type.descriptor.sql.internal.DdlTypeImpl@69f080ad)
2023-03-28T18:16:03.152+11:00 DEBUG 27136 --- [           main] o.h.t.d.sql.spi.DdlTypeRegistry          : addDescriptor(4002, org.hibernate.type.descriptor.sql.internal.DdlTypeImpl@6568f998) replaced previous registration(org.hibernate.type.descriptor.sql.internal.DdlTypeImpl@45d4421d)
2023-03-28T18:16:03.152+11:00 DEBUG 27136 --- [           main] o.h.t.d.sql.spi.DdlTypeRegistry          : addDescriptor(2004, org.hibernate.type.descriptor.sql.internal.CapacityDependentDdlType@782fd504) replaced previous registration(org.hibernate.type.descriptor.sql.internal.DdlTypeImpl@1537c744)
2023-03-28T18:16:03.152+11:00 DEBUG 27136 --- [           main] o.h.t.d.sql.spi.DdlTypeRegistry          : addDescriptor(2005, org.hibernate.type.descriptor.sql.internal.CapacityDependentDdlType@37314843) replaced previous registration(org.hibernate.type.descriptor.sql.internal.DdlTypeImpl@50122012)
2023-03-28T18:16:03.153+11:00 DEBUG 27136 --- [           main] o.h.t.d.sql.spi.DdlTypeRegistry          : addDescriptor(2011, org.hibernate.type.descriptor.sql.internal.CapacityDependentDdlType@569348e1) replaced previous registration(org.hibernate.type.descriptor.sql.internal.DdlTypeImpl@7db5b890)
2023-03-28T18:16:03.156+11:00 DEBUG 27136 --- [           main] o.h.t.d.jdbc.spi.JdbcTypeRegistry        : addDescriptor(NCharTypeDescriptor) replaced previous registration(CharTypeDescriptor)
2023-03-28T18:16:03.157+11:00 DEBUG 27136 --- [           main] o.h.t.d.jdbc.spi.JdbcTypeRegistry        : addDescriptor(NVarcharTypeDescriptor) replaced previous registration(VarcharTypeDescriptor)
2023-03-28T18:16:03.158+11:00 DEBUG 27136 --- [           main] o.h.t.d.jdbc.spi.JdbcTypeRegistry        : addDescriptor(LongNVarcharTypeDescriptor) replaced previous registration(LongVarcharTypeDescriptor)
2023-03-28T18:16:03.165+11:00 DEBUG 27136 --- [           main] o.h.t.d.jdbc.spi.JdbcTypeRegistry        : addDescriptor(NClobTypeDescriptor(DEFAULT)) replaced previous registration(ClobTypeDescriptor(DEFAULT))
2023-03-28T18:16:03.166+11:00 DEBUG 27136 --- [           main] o.h.t.d.jdbc.spi.JdbcTypeRegistry        : addDescriptor(2005, ClobTypeDescriptor(STREAM_BINDING)) replaced previous registration(ClobTypeDescriptor(DEFAULT))
2023-03-28T18:16:03.172+11:00 DEBUG 27136 --- [           main] org.hibernate.type.BasicTypeRegistry     : Adding type registration null -> org.hibernate.type.NullType@e0d1dc4
2023-03-28T18:16:03.172+11:00 DEBUG 27136 --- [           main] org.hibernate.type.BasicTypeRegistry     : Type registration key [null] overrode previous entry : `org.hibernate.type.NullType@4e424582`
2023-03-28T18:16:03.181+11:00 DEBUG 27136 --- [           main] org.hibernate.type.BasicTypeRegistry     : Adding type registration org.hibernate.type.OffsetDateTimeType -> basicType@1(java.time.OffsetDateTime,93)
2023-03-28T18:16:03.181+11:00 DEBUG 27136 --- [           main] org.hibernate.type.BasicTypeRegistry     : Adding type registration OffsetDateTime -> basicType@1(java.time.OffsetDateTime,93)
2023-03-28T18:16:03.181+11:00 DEBUG 27136 --- [           main] org.hibernate.type.BasicTypeRegistry     : Adding type registration java.time.OffsetDateTime -> basicType@1(java.time.OffsetDateTime,93)
2023-03-28T18:16:03.181+11:00 DEBUG 27136 --- [           main] org.hibernate.type.BasicTypeRegistry     : Adding type registration org.hibernate.type.ZonedDateTimeType -> basicType@2(java.time.ZonedDateTime,93)
2023-03-28T18:16:03.181+11:00 DEBUG 27136 --- [           main] org.hibernate.type.BasicTypeRegistry     : Adding type registration ZonedDateTime -> basicType@2(java.time.ZonedDateTime,93)
2023-03-28T18:16:03.182+11:00 DEBUG 27136 --- [           main] org.hibernate.type.BasicTypeRegistry     : Adding type registration java.time.ZonedDateTime -> basicType@2(java.time.ZonedDateTime,93)
2023-03-28T18:16:03.187+11:00 DEBUG 27136 --- [           main] o.h.type.spi.TypeConfiguration$Scope     : Scoping TypeConfiguration [org.hibernate.type.spi.TypeConfiguration@f559c74] to MetadataBuildingContext [org.hibernate.boot.internal.MetadataBuildingContextRootImpl@63917fe1]
2023-03-28T18:16:03.527+11:00 DEBUG 27136 --- [           main] o.h.type.spi.TypeConfiguration$Scope     : Scoping TypeConfiguration [org.hibernate.type.spi.TypeConfiguration@f559c74] to SessionFactoryImplementor [org.hibernate.internal.SessionFactoryImpl@2a7ebe07]
2023-03-28T18:16:03.569+11:00  INFO 27136 --- [           main] o.h.e.t.j.p.i.JtaPlatformInitiator       : HHH000490: Using JtaPlatform implementation: [org.hibernate.engine.transaction.jta.platform.internal.NoJtaPlatform]
2023-03-28T18:16:03.584+11:00 TRACE 27136 --- [           main] o.h.type.spi.TypeConfiguration$Scope     : Handling #sessionFactoryCreated from [org.hibernate.internal.SessionFactoryImpl@2a7ebe07] for TypeConfiguration
2023-03-28T18:16:03.587+11:00  INFO 27136 --- [           main] j.LocalContainerEntityManagerFactoryBean : Initialized JPA EntityManagerFactory for persistence unit 'default'
{"status":"success","data":{"stats":{"total":665,"totalCoins":23915,"totalMarkets":38374,"totalExchanges":179,"totalMarketCap":"1152802551934","total24hVolume":"87097360930"},"coins":[{"uuid":"Qwsogvtv82FCd","symbol":"BTC","name":"Bitcoin","color":"#f7931A","iconUrl":"https://cdn.coinranking.com/bOabBYkcX/bitcoin_btc.svg","marketCap":"520125154328","price":"27062.138466744855","listedAt":1330214400,"tier":1,"change":"62.03","rank":1,"sparkline":["16564.711793822305","16755.12471027908","16988.6126845642","18028.33433303559","20941.55467867956","21541.5740121234","22840.60848898794","23144.751796350574","23319.66300255183","23276.170724196436","22626.964414757498","21809.49725841448","23982.01542035537","24560.11959962906","23629.418743321243","23376.72090035938","23176.86334341865","22434.185136487333","21960.73691164723","20375.77538211136","24195.292571766895","26151.352817748448","27832.939935881954","27996.03718525181","27637.68784357177"],"lowVolume":false,"coinrankingUrl":"https://coinranking.com/coin/Qwsogvtv82FCd+bitcoin-btc","24hVolume":"19857734992","btcPrice":"1"},{"uuid":"razxDUgYGNAdQ","symbol":"ETH","name":"Ethereum","color":"#3C3C3D","iconUrl":"https://cdn.coinranking.com/rk4RKHOuW/eth.svg","marketCap":"211115304122","price":"1730.085456856447","listedAt":1438905600,"tier":1,"change":"42.86","rank":2,"sparkline":["1196.6342608048294","1231.024582930828","1275.790125856361","1370.988021933886","1551.3606107924163","1581.0252107926224","1610.6800277999055","1598.129855902792","1610.0805397440295","1652.4427563393085","1617.5119353560633","1519.5869144207961","1658.9926061827662","1680.168333619516","1629.6329605370563","1625.7207223462144","1622.102357061756","1570.5306758087108","1547.69537605502","1454.4524952815361","1670.402176257337","1731.0880307531695","1781.2693600742855","1783.7254841145636","1754.0492709206749"],"lowVolume":false,"coinrankingUrl":"https://coinranking.com/coin/razxDUgYGNAdQ+ethereum-eth","24hVolume":"8503046200","btcPrice":"0.06393010881170579"},{"uuid":"HIVsRcGKkPFtW","symbol":"USDT","name":"Tether USD","color":"#22a079","iconUrl":"https://cdn.coinranking.com/mgHqwlCLj/usdt.svg","marketCap":"65451439261","price":"1.001357934778986","listedAt":1420761600,"tier":1,"change":"0.18","rank":3,"sparkline":["0.9999097095241204","0.9997293568644747","1.0001079270359885","0.9994156786766875","0.9994040475031002","1.0001562666340498","1.0007174769860778","1.0007362666371613","1.0006886185361612","1.0015903839425067","1.0013478886929823","1.001179795225392","0.9999374205766782","1.0024170228517406","1.001205201068702","1.0006550718350151","1.0013558443973705","1.002049625562988","1.0012550831354654","1.0054750230276548","1.003189612970796","1.0024310235963492","1.0036276098071426","1.0029717682505164","1.0020787205301702"],"lowVolume":false,"coinrankingUrl":"https://coinranking.com/coin/HIVsRcGKkPFtW+tetherusd-usdt","24hVolume":"68514425578","btcPrice":"0.000037002173202591"},{"uuid":"WcwrkfNI4FUAe","symbol":"BNB","name":"BNB","color":"#e8b342","iconUrl":"https://cdn.coinranking.com/B1N19L_dZ/bnb.svg","marketCap":"44322830835","price":"310.3503829800239","listedAt":1503014400,"tier":1,"change":"25.90","rank":4,"sparkline":["245.2867475006277","250.88726082490413","265.032125397646","281.34181958552244","301.4374010089009","296.37094839676587","305.9123978002886","308.1378489093792","315.1379506307254","329.1149848538576","321.5064322667097","303.2899760255326","311.8440483223535","313.7985491494014","306.5449111035174","304.55333990622137","298.0418269711843","289.64068126439264","288.0109226716272","276.86669167438464","306.9372880463876","331.02115501590185","337.06590811090064","327.0005759970154","323.983917451738"],"lowVolume":false,"coinrankingUrl":"https://coinranking.com/coin/WcwrkfNI4FUAe+bnb-bnb","24hVolume":"874142417","btcPrice":"0.011468065739202248"},{"uuid":"aKzUVe4Hh_CON","symbol":"USDC","name":"USDC","color":"#7894b4","iconUrl":"https://cdn.coinranking.com/jkDf8sQbY/usdc.svg","marketCap":"43806822236","price":"1.000658929990737","listedAt":1539043200,"tier":1,"change":"0.08","rank":5,"sparkline":["1.0003392975512597","1.00003783069093","1.0002035865308256","0.999101396625901","0.9990665034606611","1.0000278058074528","1.0004621565614475","1.000504114153933","1.000475248262395","1.0013438076667496","1.0011045431135523","1.0007378513284575","0.999774593552196","1.002093794091126","1.0010501102015588","1.0004761332261582","1.0011372085623855","1.001812251028402","1.001135310963296","0.969005639717318","0.9968125329676272","0.999760706591302","1.000269286284327","1.0005695818058147","1.0010586109911608"],"lowVolume":false,"coinrankingUrl":"https://coinranking.com/coin/aKzUVe4Hh_CON+usdc-usdc","24hVolume":"3499498506","btcPrice":"0.000036976343581288"},{"uuid":"-l8Mn2pVlRs-p","symbol":"XRP","name":"XRP","color":"#000000","iconUrl":"https://cdn.coinranking.com/B1oPuTyfX/xrp.svg","marketCap":"24523431974","price":"0.487555635312483","listedAt":1421798400,"tier":1,"change":"32.70","rank":6,"sparkline":["0.3413651777612705","0.34428264127061947","0.34322602354407","0.3650651085499366","0.3893657442702625","0.3945557127249277","0.4133413734334293","0.4106359649191764","0.4052799383935266","0.40701165097396313","0.39392049872698326","0.3769501490824057","0.39224156675157024","0.3935230388305631","0.3848953172834828","0.3771458598608749","0.3760902856673639","0.37170893146018597","0.3830493562195597","0.36602246596847227","0.3705627727235989","0.3722839200309943","0.3951234379856812","0.4384662660371285","0.4544357022019162"],"lowVolume":false,"coinrankingUrl":"https://coinranking.com/coin/-l8Mn2pVlRs-p+xrp-xrp","24hVolume":"3092864754","btcPrice":"0.000018016153302579"},{"uuid":"qzawljRxB5bYu","symbol":"ADA","name":"Cardano","color":"#3cc8c8","iconUrl":"https://cdn.coinranking.com/ryY28nXhW/ada.svg","marketCap":"12314330584","price":"0.3513860255137933","listedAt":1506902400,"tier":1,"change":"35.01","rank":7,"sparkline":["0.24525732767094086","0.25910919811121785","0.2885203800959078","0.3222810437308444","0.3506346313504987","0.3469724574347447","0.3720741641180377","0.38349126652545396","0.3878441076291805","0.3980204012007056","0.38267310861096804","0.36380986082046834","0.3994114705143097","0.39843976932274433","0.37595053075817764","0.3629443127119832","0.3504571506663878","0.337980712337877","0.32341491031683883","0.3104362632827193","0.3414714809655361","0.33681284396542077","0.3448568218209698","0.3685277122879791","0.35454849944848027"],"lowVolume":false,"coinrankingUrl":"https://coinranking.com/coin/qzawljRxB5bYu+cardano-ada","24hVolume":"297164333","btcPrice":"0.000012984414588876"},{"uuid":"PDKcptVnzJTmN","symbol":"OKB","name":"OKB","color":"#2d60e0","iconUrl":"https://cdn.coinranking.com/xcZdYtX6E/okx.png","marketCap":"10502787009","price":"43.49790691687754","listedAt":1538524800,"tier":1,"change":"81.23","rank":8,"sparkline":["25.401409143780143","28.50056922879854","27.029903081235155","28.019595807575445","31.727397453158847","32.3211135031579","36.12292532840011","37.507663638628046","38.32087689614793","42.39948553392621","43.01004310549463","40.83661440826905","49.17284734634669","51.97066863650799","50.80819655989857","52.065320282213044","50.4128419051851","49.43276813658823","43.848997074380705","39.869433904701154","47.11108369149255","48.34398139513549","46.80719868041876","44.74702988554517","42.080650985860984"],"lowVolume":false,"coinrankingUrl":"https://coinranking.com/coin/PDKcptVnzJTmN+okb-okb","24hVolume":"57686190","btcPrice":"0.001607334430364019"},{"uuid":"a91GCGd_u96cF","symbol":"DOGE","name":"Dogecoin","color":"#c2a633","iconUrl":"https://cdn.coinranking.com/H1arXIuOZ/doge.svg","marketCap":"9962661641","price":"0.07280638496408677","listedAt":1391212800,"tier":1,"change":"-1.23","rank":9,"sparkline":["0.0697352362553933","0.0718876997312201","0.07298900891721641","0.07812117989320094","0.08518382173939637","0.08376516190930999","0.0873484128142957","0.08760205014967554","0.0917623378739598","0.09321593162522582","0.08791641582061024","0.08232695037277822","0.08746304227150697","0.08714407720843381","0.08314386556817321","0.081480034794314","0.0796854559435723","0.07532088106223384","0.07276619010717272","0.06606811823552473","0.07262903171996138","0.07387306658518056","0.07410616620413876","0.07579826904868292","0.07431832696170383"],"lowVolume":false,"coinrankingUrl":"https://coinranking.com/coin/a91GCGd_u96cF+dogecoin-doge","24hVolume":"614104596","btcPrice":"0.000002690341158869"},{"uuid":"uW2tk-ILY0ii","symbol":"MATIC","name":"Polygon","color":"#8247e5","iconUrl":"https://cdn.coinranking.com/M-pwilaq-/polygon-matic-logo.svg","marketCap":"9531611455","price":"1.0507883281654542","listedAt":1558961160,"tier":1,"change":"30.38","rank":10,"sparkline":["0.7642708504140843","0.7875186735223658","0.8132602470544947","0.8776893676315887","0.9946974068215326","0.9775848875269607","0.9909956322686644","1.1142558022163944","1.140361899774906","1.220535571673749","1.2718955258909745","1.2241887824326327","1.405988291318224","1.4460533202702117","1.3161597514866996","1.2491020943200175","1.2082664755488113","1.141153616083637","1.101862175563626","1.044545031433537","1.1706909815906166","1.1795366627560961","1.155428633332851","1.1265733963039015","1.0871754725875493"],"lowVolume":false,"coinrankingUrl":"https://coinranking.com/coin/uW2tk-ILY0ii+polygon-matic","24hVolume":"708900376","btcPrice":"0.000038828724842152"},{"uuid":"vSo2fu9iE1s0Y","symbol":"BUSD","name":"Binance USD","color":"#f0b90b","iconUrl":"https://cdn.coinranking.com/6SJHRfClq/busd.svg","marketCap":"7833985789","price":"1.0005232482991562","listedAt":1563197940,"tier":1,"change":"0.06","rank":11,"sparkline":["1.0004719763534715","1.0001336978148518","1.0004020993242528","0.9994606904642935","0.9992503660263454","1.0001758855023752","1.0006816914830547","1.0006734743060486","1.0007209486011894","1.0015329709861627","1.0013568619414375","1.0007303545780766","0.9998396829073775","1.0025541495320065","1.001301664600108","1.0007566230528846","1.0013734774553595","1.002101144988388","1.0014864833357642","1.0013861043629446","0.999613097384761","1.0004893084144517","1.001381275356148","1.0012649516775909","1.0013079357647046"],"lowVolume":false,"coinrankingUrl":"https://coinranking.com/coin/vSo2fu9iE1s0Y+binanceusd-busd","24hVolume":"4019635110","btcPrice":"0.000036972623076169"},{"uuid":"zNZHO_Sjf","symbol":"SOL","name":"Solana","color":"#000000","iconUrl":"https://cdn.coinranking.com/yvUG4Qex5/solana.svg","marketCap":"7267151748","price":"20.011025866303022","listedAt":1586539320,"tier":1,"change":"80.43","rank":12,"sparkline":["9.689710067966002","12.44482161595553","14.053933474980111","16.325973254212002","23.08016278354955","22.72330068272755","24.31847690806633","24.425957492896888","24.36880012510223","24.105737395000887","22.51700873971957","20.917235614931673","22.994796913812312","24.92696372971913","23.449960320570177","22.698711151040687","21.92199258317885","21.08800567915563","19.352959847242424","17.85227024614344","20.373208708275072","20.639898801036317","22.385373188166913","21.864438673462793","20.61555753746181"],"lowVolume":false,"coinrankingUrl":"https://coinranking.com/coin/zNZHO_Sjf+solana-sol","24hVolume":"507678930","btcPrice":"0.000739447323828213"},{"uuid":"25W7FG7om","symbol":"DOT","name":"Polkadot","color":"#d64cA8","iconUrl":"https://cdn.coinranking.com/RsljYqnbu/polkadot.svg","marketCap":"7129169710","price":"5.88853898899187","listedAt":1598365200,"tier":1,"change":"31.50","rank":13,"sparkline":["4.3162035644295145","4.55070432649292","4.7301688548537415","5.046995747932821","5.917087076179349","5.958276568667357","6.3714963787654835","6.481670963403038","6.356571344156155","6.796978669746858","6.618634330166232","6.187048585113188","6.745907273717243","7.3658331751342985","6.895460336742087","6.567432964555583","6.305622603415766","5.981266688686514","5.740155694347929","5.476223938724452","6.113534559814509","6.307000091544982","6.346519852952662","6.2140851276453475","5.993262768706867"],"lowVolume":false,"coinrankingUrl":"https://coinranking.com/coin/25W7FG7om+polkadot-dot","24hVolume":"205757447","btcPrice":"0.000217593262122576"},{"uuid":"Mtfb0obXVh59u","symbol":"WETH","name":"Wrapped Ether","color":"#303030","iconUrl":"https://cdn.coinranking.com/KIviQyZlt/weth.svg","marketCap":"7016361512","price":"1731.864715633767","listedAt":1600259445,"tier":1,"change":"42.95","rank":14,"sparkline":["1196.5737526840671","1230.7941150590382","1275.4020008967557","1370.1815485147497","1549.154596892479","1579.4528217782354","1610.337493050492","1597.6649451501612","1611.329358925866","1653.6572101136587","1619.0569646038248","1519.3610902631513","1659.0363263390514","1681.7688700316598","1629.2950916136188","1623.3708348605267","1621.8814034047357","1570.6709774755657","1549.5167337078808","1454.855466703717","1669.466833387798","1729.761829651066","1780.8164726922187","1789.1107745760064","1754.2016989566728"],"lowVolume":false,"coinrankingUrl":"https://coinranking.com/coin/Mtfb0obXVh59u+wrappedether-weth","24hVolume":"1876621096","btcPrice":"0.06393463271522555"},{"uuid":"VLqpJwogdhHNb","symbol":"LINK","name":"Chainlink","color":"#4680b0","iconUrl":"https://cdn.coinranking.com/9NOP9tOem/chainlink.svg","marketCap":"6902898823","price":"6.903523764817258","listedAt":1505952000,"tier":1,"change":"17.01","rank":15,"sparkline":["5.563251683306988","5.704471917222307","5.843002306038122","6.228181511553932","6.740600174681529","6.6739080290354975","6.957333448553938","7.225757022425983","7.071586471275774","7.133645913261701","7.1265480978129165","6.805788767760083","7.333536640342507","7.873794502883512","7.700723462563927","7.345362904023023","7.21366632849099","6.928353217611464","6.706894275402837","6.1810787749333915","6.7835826720661085","6.916569128361856","7.1723890333493125","7.404670196662633","7.131170570864316"],"lowVolume":false,"coinrankingUrl":"https://coinranking.com/coin/VLqpJwogdhHNb+chainlink-link","24hVolume":"263980607","btcPrice":"0.000255098974284704"},{"uuid":"D7B1x_ks7WhV5","symbol":"LTC","name":"Litecoin","color":"#345d9d","iconUrl":"https://cdn.coinranking.com/BUvPxmc9o/ltcnew.svg","marketCap":"6188591226","price":"87.32892553290478","listedAt":1382572800,"tier":1,"change":"27.18","rank":16,"sparkline":["68.19131414281506","74.99364856268885","77.14879890639749","82.9867164218775","87.19428905373488","86.16859714411675","88.97283049211781","90.0411610310401","95.98366593815645","98.24231559000367","97.03363551996026","92.94533311455005","99.85178979526906","96.37808606851053","93.40402160701413","94.34374457829956","94.35311529260387","89.73613031133583","84.63621796304459","70.74219202485679","81.07289185360159","82.24611659186905","82.34440501983045","88.43651195294461","92.35326606092174"],"lowVolume":false,"coinrankingUrl":"https://coinranking.com/coin/D7B1x_ks7WhV5+litecoin-ltc","24hVolume":"672330472","btcPrice":"0.003226978002504067"},{"uuid":"xz24e0BjL","symbol":"SHIB","name":"Shiba Inu","color":"#fda32b","iconUrl":"https://cdn.coinranking.com/fiZ4HfnRR/shib.png","marketCap":"6132062193","price":"0.000010401384799378","listedAt":1620650373,"tier":1,"change":"26.96","rank":17,"sparkline":["0.000008062439463539","0.000008271205907505","0.00000852961557199","0.000009215739788628","0.000010433065761669","0.000011744927335804","0.000011866754708245","0.000011779436555136","0.000011863053831372","0.000014001437200608","0.000013438035742192","0.00001269412239403","0.000013246175108019","0.000013260910646095","0.000012887951756554","0.000012526253234398","0.00001189326806277","0.000011199800299489","0.000010978520117491","0.000010224962262084","0.000011011135764204","0.000010795911768007","0.000010807352765517","0.000010773278788024","0.000010578225441386"],"lowVolume":false,"coinrankingUrl":"https://coinranking.com/coin/xz24e0BjL+shibainu-shib","24hVolume":"295473149","btcPrice":"3.84351917e-10"},{"uuid":"qUhEFk1I61atv","symbol":"TRX","name":"TRON","color":"#eb0029","iconUrl":"https://cdn.coinranking.com/behejNqQs/trx.svg","marketCap":"5907834476","price":"0.06411214239990992","listedAt":1505260800,"tier":1,"change":"18.30","rank":18,"sparkline":["0.05439972541169598","0.05493482457296378","0.05274681148445032","0.05595259000040664","0.06230306190440074","0.06108612294593309","0.06186562715831635","0.0627751241946814","0.06286048225461577","0.06410911632530203","0.06488088065065667","0.06478803730868554","0.06943110048395712","0.07071416233678968","0.0690962568477027","0.06922462068273823","0.06902014274834804","0.06740392124079296","0.06602693552559927","0.05815711028434379","0.06678526621056992","0.06654604713491408","0.06658171022577491","0.0643591034822848","0.06405289723941868"],"lowVolume":false,"coinrankingUrl":"https://coinranking.com/coin/qUhEFk1I61atv+tron-trx","24hVolume":"487436276","btcPrice":"0.000002369071552815"},{"uuid":"MoTuySvg7","symbol":"DAI","name":"Dai","color":"#ea9999","iconUrl":"https://cdn.coinranking.com/mAZ_7LwOE/mutli-collateral-dai.svg","marketCap":"5278158617","price":"1.0002720524366373","listedAt":1585574040,"tier":1,"change":"0.06","rank":19,"sparkline":["1.0001365923508403","0.99978050730224","1.0000377429851168","0.999294798750182","0.99925005583965","1.0000049821101407","1.0003622989290093","0.9997563511838327","1.0000216506069108","1.0011300208239988","0.9996277389798017","1.001030202246754","0.999643332584691","1.0024796918233856","1.0010359162738967","1.0006429327390358","1.0010351685645333","1.001832525013501","1.0007342137132214","0.9727721546128787","0.9967558703236711","0.9995917690156151","1.0003368139604656","1.000456732103254","1.0007584709669757"],"lowVolume":false,"coinrankingUrl":"https://coinranking.com/coin/MoTuySvg7+dai-dai","24hVolume":"73490301","btcPrice":"0.000036962047683919"},{"uuid":"dvUj0CzDZ","symbol":"AVAX","name":"Avalanche","color":"#e84242","iconUrl":"https://cdn.coinranking.com/S0C6Cw2-w/avax-avalanche.png","marketCap":"4998549926","price":"16.621882211427558","listedAt":1600961596,"tier":1,"change":"42.69","rank":20,"sparkline":["10.91334171224778","11.532009860967516","11.899967774429266","14.127800850606066","16.8328690705295","16.626715140644794","17.685625019764085","19.47550005620641","20.409621533099035","20.819331355728085","19.499109120753417","17.79316366591891","19.267661842522724","20.395524991611836","19.17313097465068","17.950607184609193","17.170390350150683","16.427111712977126","15.805980798376996","14.602030959419357","16.571557068891117","16.618378239143098","17.31123776394888","17.30260312697615","16.90525595936695"],"lowVolume":false,"coinrankingUrl":"https://coinranking.com/coin/dvUj0CzDZ+avalanche-avax","24hVolume":"212041533","btcPrice":"0.000614211705104283"},{"uuid":"_H5FVG9iW","symbol":"UNI","name":"Uniswap","color":"#ff007a","iconUrl":"https://cdn.coinranking.com/1heSvUgtl/uniswap-v2.svg?size=48x48","marketCap":"4577228595","price":"5.697999077320642","listedAt":1600323371,"tier":1,"change":"9.86","rank":21,"sparkline":["5.103151487462067","5.411429589463125","5.527656986285097","5.906702378723302","6.55185873541024","6.347871617230768","6.676834895638916","6.735753613119813","6.721688205758381","7.05910901205245","6.676584451315936","6.384291456843483","6.766732963162213","7.138440290716946","6.770127764302737","6.530355367384244","6.5760678400742405","6.286585116271805","6.268466480288042","5.553072774332167","6.151058439884845","6.19446808158793","6.4226455668843165","6.184689843220548","5.769742833380951"],"lowVolume":false,"coinrankingUrl":"https://coinranking.com/coin/_H5FVG9iW+uniswap-uni","24hVolume":"72711160","btcPrice":"0.000210552432296605"},{"uuid":"x4WXHge-vvFY","symbol":"WBTC","name":"Wrapped BTC","color":"#000000","iconUrl":"https://cdn.coinranking.com/o3-8cvCHu/wbtc[1].svg","marketCap":"4240501182","price":"27116.653954000376","listedAt":1549894980,"tier":1,"change":"62.85","rank":22,"sparkline":["16526.81553113968","16731.550894998625","16984.645065691435","18013.799921547055","20923.6585537664","21512.926198600166","22784.97064741529","23098.872039179438","23286.418911725334","23254.115620527948","22613.698172829634","21806.93098623404","23975.47254891505","24557.19122865276","23629.897873949427","23378.23776894625","23184.108681942933","22431.02550160843","21962.506500804586","20409.449885499558","24170.64454837059","26135.617012182163","27839.372129321746","28017.59437834985","27680.091550211153"],"lowVolume":false,"coinrankingUrl":"https://coinranking.com/coin/x4WXHge-vvFY+wrappedbtc-wbtc","24hVolume":"49814764","btcPrice":"1.002014456001787"},{"uuid":"Knsels4_Ol-Ny","symbol":"ATOM","name":"Cosmos","color":"#5064fb","iconUrl":"https://cdn.coinranking.com/HJzHboruM/atom.svg","marketCap":"3601861253","price":"10.944662343387751","listedAt":1552520100,"tier":1,"change":"18.78","rank":23,"sparkline":["9.336149856075654","10.044360538488746","10.415227141020514","11.60551822572294","12.589604641327822","12.39523031378003","13.080009811737298","13.312697629112161","13.835882912052607","14.691025228554341","14.460781302002642","13.43577717583601","13.920390290817902","14.14380418760732","13.385669623265507","12.767267038084519","12.36964709519138","12.05491881781661","11.372065539396768","11.039870386090932","12.341690082654923","12.829315532156535","12.072669385932","11.585460142429032","11.172193797456131"],"lowVolume":false,"coinrankingUrl":"https://coinranking.com/coin/Knsels4_Ol-Ny+cosmos-atom","24hVolume":"124534377","btcPrice":"0.000404427106041048"},{"uuid":"67YlI0K1b","symbol":"TON","name":"Toncoin","color":"#0088cc","iconUrl":"https://cdn.coinranking.com/1mf2KPPah/toncoin.png","marketCap":"3070150505","price":"2.083447611253119","listedAt":1640268459,"tier":1,"change":"-3.51","rank":24,"sparkline":["2.123786539249964","2.2084741226119657","2.178193488912813","2.1563463809479853","2.2941073674427934","2.2752038093393936","2.282969611959522","2.458827011568172","2.353180534916389","2.325214083797029","2.264962472170831","2.2613982678463453","2.321875291553497","2.3626028228903047","2.4153086959773944","2.442078431613943","2.457401337689248","2.3818881196507538","2.339633413390567","2.271246506870222","2.419178546302854","2.454616808247466","2.3920547568763286","2.2650781627917","2.1100880685586114"],"lowVolume":false,"coinrankingUrl":"https://coinranking.com/coin/67YlI0K1b+toncoin-ton","24hVolume":"32524176","btcPrice":"0.000076987545304794"},{"uuid":"3mVx2FX_iJFp5","symbol":"XMR","name":"Monero","color":"#ff7519","iconUrl":"https://cdn.coinranking.com/Syz-oSd_Z/xmr.svg","marketCap":"2802956110","price":"153.95102049672258","listedAt":1422489600,"tier":1,"change":"5.85","rank":25,"sparkline":["146.37392247144805","150.00738185466557","156.32083946779625","163.89304762318753","173.54904023911385","168.59321587306334","175.5027676674329","178.69418821280007","178.15732425205874","170.8415002872039","162.63958969940293","158.9000735459995","160.9950799764843","161.97997894848984","152.39601092962693","150.55574602901493","150.1011677808215","148.81472791408348","149.00726589443758","139.84868222402224","150.65607394379938","150.74881084877973","154.06076606550363","155.23603849593283","161.77241986790608"],"lowVolume":false,"coinrankingUrl":"https://coinranking.com/coin/3mVx2FX_iJFp5+monero-xmr","24hVolume":"138553884","btcPrice":"0.005688797309418262"},{"uuid":"hnfQfsYfeIGUQ","symbol":"ETC","name":"Ethereum Classic","color":"#699070","iconUrl":"https://cdn.coinranking.com/rJfyor__W/etc.svg","marketCap":"2766430929","price":"20.019523947094576","listedAt":1469577600,"tier":1,"change":"26.29","rank":26,"sparkline":["15.618866190851826","17.185738791203608","19.917376930815426","20.419294736647178","22.25022134733549","21.39031872496141","22.259553886269913","22.015421482580713","22.012770520518366","23.267213569473657","22.17266823878771","21.033593268105864","22.04966364379787","22.865275522919926","21.682615555276605","21.212132254608843","20.72518724950604","19.94010094111652","18.80015677634974","17.178021790314265","19.681014742871792","19.939473762554208","20.69236206823956","20.528456985019183","20.144553103989235"],"lowVolume":false,"coinrankingUrl":"https://coinranking.com/coin/hnfQfsYfeIGUQ+ethereumclassic-etc","24hVolume":"435141507","btcPrice":"0.000739761344865464"},{"uuid":"CiixT63n3","symbol":"WSTETH","name":"Wrapped liquid staked Ether 2.0","color":"#70b9dc","iconUrl":"https://cdn.coinranking.com/LQg69oxqx/wstETH.PNG","marketCap":"2663087533","price":"1930.4838820921373","listedAt":1638756833,"tier":1,"change":"46.07","rank":27,"sparkline":["1304.260614035529","1341.7296052417323","1394.6864569943755","1501.9419182600495","1700.731402585987","1741.6230990905124","1777.5030192355835","1766.2579748864475","1779.710107377011","1828.469842193723","1792.8074626617358","1684.6504490726873","1841.918474957027","1866.7415787134642","1809.0173523312403","1803.4208162649174","1802.5701236927755","1746.0112296619102","1723.6847443061995","1614.0970079677054","1853.8707554401408","1922.8721372043562","1983.3295626561442","1990.9964979755757","1955.4909312612192"],"lowVolume":false,"coinrankingUrl":"https://coinranking.com/coin/CiixT63n3+wrappedliquidstakedether20-wsteth","24hVolume":"11052010","btcPrice":"0.07126698572356843"},{"uuid":"Pe93bIOD2","symbol":"LDO","name":"Lido DAO Token","color":"#77cced","iconUrl":"https://cdn.coinranking.com/Wp6LFY6ZZ/8000.png","marketCap":"2444305555","price":"2.089413042513731","listedAt":1627361901,"tier":1,"change":"106.75","rank":28,"sparkline":["0.9716849535428463","1.2710588707687351","1.6023282240486714","1.9364104960944784","2.1605892661235497","2.0953824784164397","2.420019938263394","2.3355128095532556","2.200861152473139","2.2019645089612045","2.5325300377659583","2.3947740546421254","2.8604925982461094","2.9310146231452032","2.922834924240858","3.0968131611650747","2.975450089659364","2.629887179958975","2.471977263223304","2.1985635009439606","2.64738549453181","2.4915727708325353","2.4319205807895052","2.307105657066802","2.1292918804831737"],"lowVolume":false,"coinrankingUrl":"https://coinranking.com/coin/Pe93bIOD2+lidodaotoken-ldo","24hVolume":"163085622","btcPrice":"0.000077207979889738"},{"uuid":"ZlZpzOJo43mIo","symbol":"BCH","name":"Bitcoin Cash","color":"#8dc451","iconUrl":"https://cdn.coinranking.com/By8ziihX7/bch.svg","marketCap":"2326611894","price":"121.61221378169745","listedAt":1541808000,"tier":1,"change":"19.55","rank":29,"sparkline":["97.57755945395911","100.3327989183923","102.61292737423464","112.40581708751205","124.56947556719675","123.99351689537079","131.5703494992604","134.34187228172843","134.63075685189804","136.633881717765","131.42085424466273","124.34160463027875","131.9244897266386","142.3654405896547","136.58330630255696","134.59919045946523","130.78170943876347","125.06421701420331","119.90819749073884","112.18333693450751","127.5417345901302","130.32734408601885","133.6232805767918","128.70837558452376","124.30121099224674"],"lowVolume":false,"coinrankingUrl":"https://coinranking.com/coin/ZlZpzOJo43mIo+bitcoincash-bch","24hVolume":"226717150","btcPrice":"0.004493813891726993"},{"uuid":"Z96jIvLU7","symbol":"IMX","name":"Immutable X","color":"#000000","iconUrl":"https://cdn.coinranking.com/naRGT2Y_X/10603.png","marketCap":"2099548726","price":"1.0497743650192692","listedAt":1649387294,"tier":1,"change":"153.95","rank":30,"sparkline":["0.3847704186822107","0.4041222851904696","0.4339628681696971","0.5020431591413276","0.5773859811995483","0.6040469813310597","0.684786292962305","0.6731278129281553","0.7419848137756535","0.9124073457299726","0.9939534731121973","1.016765288753297","1.137631549756612","1.0241376741227026","0.9992999573227239","0.9934076765920578","1.027531882179554","1.0363465905855158","1.0321335657937027","0.8277494900000326","1.0797244410362872","1.3523689055435333","1.3897497818675273","1.2086961923466792","1.0740232350689614"],"lowVolume":false,"coinrankingUrl":"https://coinranking.com/coin/Z96jIvLU7+immutablex-imx","24hVolume":"70092774","btcPrice":"0.000038791256881243"},{"uuid":"f3iaFeCKEmkaZ","symbol":"XLM","name":"Stellar","color":"#000000","iconUrl":"https://cdn.coinranking.com/78CxK1xsp/Stellar_symbol_black_RGB.svg","marketCap":"1885668392","price":"0.09332440143234079","listedAt":1484611200,"tier":1,"change":"26.00","rank":31,"sparkline":["0.07175428863516738","0.0734802990553083","0.07591863048824238","0.08053256944364447","0.08727116588913561","0.08612969311832964","0.09263520634138389","0.09253439463071043","0.09141121407969036","0.0922413081058038","0.0892700169169751","0.08527598694194842","0.08891151812890352","0.09307818687786062","0.09025268654392918","0.08804951769714167","0.08678032744793758","0.08389871481253537","0.08200991169229219","0.07827615146544391","0.08492567742939731","0.08595160074044943","0.08881297642545906","0.09201499829919456","0.09162770467344088"],"lowVolume":false,"coinrankingUrl":"https://coinranking.com/coin/f3iaFeCKEmkaZ+stellar-xlm","24hVolume":"114704913","btcPrice":"0.000003448522796786"},{"uuid":"DXwP4wF9ksbBO","symbol":"HT","name":"Huobi Token","color":"#2daadf","iconUrl":"https://cdn.coinranking.com/ryFpQe0c7/ht.svg","marketCap":"1820340615","price":"3.640681239611903","listedAt":1517702400,"tier":1,"change":"-32.13","rank":32,"sparkline":["5.158467551969185","5.095452872445463","4.722087996168028","4.9628211066775485","5.156084799290028","4.996134749329657","5.055571972686714","5.0871151013521425","5.218037345708926","5.663293667592382","5.31707848908894","5.108985688219482","5.168473405983859","5.599826852958947","5.335381718022056","5.287286483411884","5.134268528031502","5.023794691175949","4.840583270872916","3.9294312581770923","4.116195398154963","4.090591912285878","4.021513000802327","3.728580630355903","3.6516889571455233"],"lowVolume":false,"coinrankingUrl":"https://coinranking.com/coin/DXwP4wF9ksbBO+huobitoken-ht","24hVolume":"9249338","btcPrice":"0.000134530434248045"},{"uuid":"ymQub4fuB","symbol":"FIL","name":"Filecoin","color":"#0090ff","iconUrl":"https://cdn.coinranking.com/vUmvv-IQA/FIL3-filecoin.svg?size=48x48","marketCap":"1763586639","price":"5.387100660707239","listedAt":1602839473,"tier":1,"change":"75.45","rank":33,"sparkline":["3.010988395786375","3.2074407439834327","3.4245027535437718","3.7552915319918743","4.572277400721281","4.581650231425762","5.310011634668775","5.3783164308043485","5.335369035185138","5.467975394817017","5.226558624150754","4.9547648752964335","6.272811536781519","8.376725672737532","7.428399447238243","6.759722620333688","6.695559452991573","6.139744883125433","5.918094228566364","5.130020447780173","6.35863724234241","6.010563250772312","6.0024528150321785","5.777731442337213","5.516228650384899"],"lowVolume":false,"coinrankingUrl":"https://coinranking.com/coin/ymQub4fuB+filecoin-fil","24hVolume":"239241444","btcPrice":"0.00019906411562143"},{"uuid":"jad286TjB","symbol":"HBAR","name":"Hedera","color":"#000000","iconUrl":"https://cdn.coinranking.com/dSCnSLilQ/hedera.svg","marketCap":"1476497485","price":"0.059684863128477525","listedAt":1568704980,"tier":1,"change":"41.35","rank":34,"sparkline":["0.03813308185457638","0.0385433197244534","0.04027744784098397","0.04567630909791525","0.05251638161467721","0.06217493256089355","0.06811317206073295","0.06794021677311073","0.06634259248535958","0.07078843284743036","0.07365790768420163","0.08704688739485612","0.08716175819828473","0.08549482973246672","0.07906526294157933","0.07285036505166122","0.0678480118536456","0.06477459677448413","0.061519721348137824","0.05818371076147989","0.06379907297670824","0.06257681024097335","0.06325108321093098","0.061813578196734574","0.06034268173811143"],"lowVolume":false,"coinrankingUrl":"https://coinranking.com/coin/jad286TjB+hedera-hbar","24hVolume":"50768466","btcPrice":"0.000002205474752183"},{"uuid":"FEbS54wxo4oIl","symbol":"VET","name":"VeChain","color":"#4bc0fa","iconUrl":"https://cdn.coinranking.com/B1_TDu9Dm/VEN.svg","marketCap":"1462244750","price":"0.021902763837008184","listedAt":1533427200,"tier":1,"change":"37.07","rank":35,"sparkline":["0.015679274444642795","0.016248977520490086","0.01667440997797237","0.01828949353166311","0.020981431027357087","0.020922185023770436","0.022448894981497384","0.02408491765577573","0.02369474945258699","0.0245731506821605","0.02487872707670056","0.023453000954464166","0.025764364439525064","0.029992326055347497","0.028629068393851632","0.027795655248775742","0.026849807581908348","0.02473591506876881","0.022885914690934525","0.020441365096773384","0.0231872284452654","0.023155371660153242","0.02369488590215251","0.02326297179172825","0.02274040223384165"],"lowVolume":false,"coinrankingUrl":"https://coinranking.com/coin/FEbS54wxo4oIl+vechain-vet","24hVolume":"55703803","btcPrice":"8.09350815492e-7"},{"uuid":"08CsQa-Ov","symbol":"WEMIX","name":"WEMIX TOKEN","color":"#9bdc70","iconUrl":"https://cdn.coinranking.com/1N84MQsoO/7548.png","marketCap":"1439398074","price":"1.4393980744318537","listedAt":1638249982,"tier":1,"change":"291.81","rank":36,"sparkline":["0.3591279804814466","0.3610212359990201","0.3598213593406016","0.35986372075132095","0.4221418657711686","0.4680692957464648","0.6269997379597669","0.7387506304319722","0.825447250927471","1.324225308618705","1.2912537733953273","1.1597445477034998","1.7522500626988555","2.291552768034137","2.4529181440195362","2.302221653241306","2.1038343893226457","2.002620272730538","1.697257540925791","1.4651323308716064","1.7239529398576632","1.6838778051836354","1.543697717961839","1.4287298126309964","1.390601555605635"],"lowVolume":false,"coinrankingUrl":"https://coinranking.com/coin/08CsQa-Ov+wemixtoken-wemix","24hVolume":"10777157","btcPrice":"0.000053188630166853"},{"uuid":"HGYj5JCv5","symbol":"APT","name":"Aptos","color":"#000000","iconUrl":"https://cdn.coinranking.com/KXUaDFjqm/21794.png","marketCap":"1428807095","price":"10.990823810592092","listedAt":1666148370,"tier":1,"change":"205.60","rank":37,"sparkline":["3.326429120265349","3.7692222498409413","3.9471251960608584","5.695336640739935","7.887866999044397","9.087419634305302","13.639986981675506","18.043536616563674","17.31277769179217","16.1973195641697","14.621435870696448","13.7025902815991","14.971519371140632","13.896724874330884","13.107558003387688","12.376677993537612","12.559811903800506","11.326515248780638","10.989268129519976","10.51916835474354","12.763913894168487","12.919074357193354","12.652519008597093","12.563956632994715","11.738461919403413"],"lowVolume":false,"coinrankingUrl":"https://coinranking.com/coin/HGYj5JCv5+aptos-apt","24hVolume":"196099084","btcPrice":"0.000406132864337314"},{"uuid":"TpHE2IShQw-sJ","symbol":"ALGO","name":"Algorand","color":null,"iconUrl":"https://cdn.coinranking.com/lzbmCkUGB/algo.svg","marketCap":"1423839351","price":"0.19993889585635102","listedAt":1562082540,"tier":1,"change":"17.62","rank":38,"sparkline":["0.16837117669099297","0.1839990826603967","0.1931459449755641","0.20601952652793043","0.23139823378910848","0.22474917674905745","0.2461386481936235","0.2523966246733683","0.24651310472690405","0.2631254465480124","0.2715336519552931","0.2485855246289051","0.26787044393567744","0.2776737218703397","0.2626289500580418","0.2519889098728495","0.24188787463350395","0.22790909798559836","0.21009251313846658","0.18875425993130823","0.2118057057977597","0.21557548250822275","0.2169691529964874","0.21854834950122812","0.20751717433340894"],"lowVolume":false,"coinrankingUrl":"https://coinranking.com/coin/TpHE2IShQw-sJ+algorand-algo","24hVolume":"66557387","btcPrice":"0.00000738814104074"},{"uuid":"aMNLwaUbY","symbol":"ICP","name":"Internet Computer (DFINITY)","color":"#00042b","iconUrl":"https://cdn.coinranking.com/1uJ_RVrmC/dfinity-icp.png","marketCap":"1423791373","price":"4.777168749231911","listedAt":1601555742,"tier":1,"change":"24.59","rank":39,"sparkline":["4.0202880310043545","3.9748882089149307","4.024204557809374","4.33444550720617","5.074766044425267","5.2512255977742015","5.699942470039807","5.96430133895355","5.902325005804544","5.759748209056264","5.519570338794787","5.353708553038957","6.458349542193327","7.183857270441156","6.510902569574243","6.1004966177753355","5.8415388881104215","5.418012596338511","5.195690129961215","4.7876687150126624","5.381046016617554","5.378979230574274","5.309600257016509","5.13000985988893","4.913798820819054"],"lowVolume":false,"coinrankingUrl":"https://coinranking.com/coin/aMNLwaUbY+internetcomputerdfinity-icp","24hVolume":"52659765","btcPrice":"0.000176525914797986"},{"uuid":"pxtKbG5rg","symbol":"SAND","name":"The Sandbox","color":"#00adef","iconUrl":"https://cdn.coinranking.com/kd_vwOcnI/sandbox.png","marketCap":"1410664065","price":"0.6010561301598364","listedAt":1613583024,"tier":1,"change":"37.05","rank":40,"sparkline":["0.39055681516559426","0.417919580055213","0.4663211073472658","0.5267872739601511","0.6881693031607078","0.7313599161537344","0.7825400218414331","0.7472515970979716","0.7411523059871193","0.7519039779712238","0.7847599636325928","0.7089083300685185","0.7537442847949543","0.7921469031370136","0.7368522593484526","0.7072322322973388","0.6759683812898476","0.6271535937118545","0.5916062838762521","0.5309469665442066","0.6161136764828424","0.6365469453018471","0.6765837951696987","0.6511212699144646","0.6242805659673443"],"lowVolume":false,"coinrankingUrl":"https://coinranking.com/coin/pxtKbG5rg+thesandbox-sand","24hVolume":"107071614","btcPrice":"0.000022210222998395"},{"uuid":"KfWtaeV1W","symbol":"FRAX","name":"Frax",
[...]

The called method's class hierarchy was loaded from the following locations:

    org.json.JSONObject: file:/C:/Users/viswa/.m2/repository/com/vaadin/external/google/android-json/0.0.20131108.vaadin1/android-json-0.0.20131108.vaadin1.jar


Action:

Correct the classpath of your application so that it contains compatible versions of the classes com.vish.trackerapp.service.APIService and org.json.JSONObject

2023-03-28T18:16:05.357+11:00 ERROR 27136 --- [           main] o.s.test.context.TestContextManager      : Caught exception while allowing TestExecutionListener [org.springframework.test.context.web.ServletTestExecutionListener@42dd7d82] to prepare test instance [com.vish.trackerapp.TrackerappApplicationTests@2838eb]

java.lang.IllegalStateException: Failed to load ApplicationContext for [WebMergedContextConfiguration@36d7a68a testClass = com.vish.trackerapp.TrackerappApplicationTests, locations = [], classes = [com.vish.trackerapp.TrackerappApplication], contextInitializerClasses = [], activeProfiles = [], propertySourceLocations = [], propertySourceProperties = ["org.springframework.boot.test.context.SpringBootTestContextBootstrapper=true"], contextCustomizers = [org.springframework.boot.test.context.filter.ExcludeFilterContextCustomizer@18df8434, org.springframework.boot.test.json.DuplicateJsonObjectContextCustomizerFactory$DuplicateJsonObjectContextCustomizer@1e0b4072, org.springframework.boot.test.mock.mockito.MockitoContextCustomizer@0, org.springframework.boot.test.web.client.TestRestTemplateContextCustomizer@5ab956d7, org.springframework.boot.test.autoconfigure.actuate.observability.ObservabilityContextCustomizerFactory$DisableObservabilityContextCustomizer@9da1, org.springframework.boot.test.autoconfigure.properties.PropertyMappingContextCustomizer@0, org.springframework.boot.test.autoconfigure.web.servlet.WebDriverContextCustomizerFactory$Customizer@793f29ff, org.springframework.boot.test.context.SpringBootTestAnnotation@5857331d], resourceBasePath = "src/main/webapp", contextLoader = org.springframework.boot.test.context.SpringBootContextLoader, parent = null]
	at org.springframework.test.context.cache.DefaultCacheAwareContextLoaderDelegate.loadContext(DefaultCacheAwareContextLoaderDelegate.java:141) ~[spring-test-6.0.2.jar:6.0.2]
	at org.springframework.test.context.support.DefaultTestContext.getApplicationContext(DefaultTestContext.java:127) ~[spring-test-6.0.2.jar:6.0.2]
	at org.springframework.test.context.web.ServletTestExecutionListener.setUpRequestContextIfNecessary(ServletTestExecutionListener.java:192) ~[spring-test-6.0.2.jar:6.0.2]
	at org.springframework.test.context.web.ServletTestExecutionListener.prepareTestInstance(ServletTestExecutionListener.java:131) ~[spring-test-6.0.2.jar:6.0.2]
	at org.springframework.test.context.TestContextManager.prepareTestInstance(TestContextManager.java:249) ~[spring-test-6.0.2.jar:6.0.2]
	at org.springframework.test.context.junit.jupiter.SpringExtension.postProcessTestInstance(SpringExtension.java:138) ~[spring-test-6.0.2.jar:6.0.2]
	at org.junit.jupiter.engine.descriptor.ClassBasedTestDescriptor.lambda$invokeTestInstancePostProcessors$10(ClassBasedTestDescriptor.java:377) ~[junit-jupiter-engine-5.9.1.jar:5.9.1]
	at org.junit.jupiter.engine.descriptor.ClassBasedTestDescriptor.executeAndMaskThrowable(ClassBasedTestDescriptor.java:382) ~[junit-jupiter-engine-5.9.1.jar:5.9.1]
	at org.junit.jupiter.engine.descriptor.ClassBasedTestDescriptor.lambda$invokeTestInstancePostProcessors$11(ClassBasedTestDescriptor.java:377) ~[junit-jupiter-engine-5.9.1.jar:5.9.1]
	at java.base/java.util.stream.ReferencePipeline$3$1.accept(ReferencePipeline.java:197) ~[na:na]
	at java.base/java.util.stream.ReferencePipeline$2$1.accept(ReferencePipeline.java:179) ~[na:na]
	at java.base/java.util.ArrayList$ArrayListSpliterator.forEachRemaining(ArrayList.java:1625) ~[na:na]
	at java.base/java.util.stream.AbstractPipeline.copyInto(AbstractPipeline.java:509) ~[na:na]
	at java.base/java.util.stream.AbstractPipeline.wrapAndCopyInto(AbstractPipeline.java:499) ~[na:na]
	at java.base/java.util.stream.StreamSpliterators$WrappingSpliterator.forEachRemaining(StreamSpliterators.java:310) ~[na:na]
	at java.base/java.util.stream.Streams$ConcatSpliterator.forEachRemaining(Streams.java:735) ~[na:na]
	at java.base/java.util.stream.Streams$ConcatSpliterator.forEachRemaining(Streams.java:734) ~[na:na]
	at java.base/java.util.stream.ReferencePipeline$Head.forEach(ReferencePipeline.java:762) ~[na:na]
	at org.junit.jupiter.engine.descriptor.ClassBasedTestDescriptor.invokeTestInstancePostProcessors(ClassBasedTestDescriptor.java:376) ~[junit-jupiter-engine-5.9.1.jar:5.9.1]
	at org.junit.jupiter.engine.descriptor.ClassBasedTestDescriptor.lambda$instantiateAndPostProcessTestInstance$6(ClassBasedTestDescriptor.java:289) ~[junit-jupiter-engine-5.9.1.jar:5.9.1]
	at org.junit.platform.engine.support.hierarchical.ThrowableCollector.execute(ThrowableCollector.java:73) ~[junit-platform-engine-1.9.1.jar:1.9.1]
	at org.junit.jupiter.engine.descriptor.ClassBasedTestDescriptor.instantiateAndPostProcessTestInstance(ClassBasedTestDescriptor.java:288) ~[junit-jupiter-engine-5.9.1.jar:5.9.1]
	at org.junit.jupiter.engine.descriptor.ClassBasedTestDescriptor.lambda$testInstancesProvider$4(ClassBasedTestDescriptor.java:278) ~[junit-jupiter-engine-5.9.1.jar:5.9.1]
	at java.base/java.util.Optional.orElseGet(Optional.java:364) ~[na:na]
	at org.junit.jupiter.engine.descriptor.ClassBasedTestDescriptor.lambda$testInstancesProvider$5(ClassBasedTestDescriptor.java:277) ~[junit-jupiter-engine-5.9.1.jar:5.9.1]
	at org.junit.jupiter.engine.execution.TestInstancesProvider.getTestInstances(TestInstancesProvider.java:31) ~[junit-jupiter-engine-5.9.1.jar:5.9.1]
	at org.junit.jupiter.engine.descriptor.TestMethodTestDescriptor.lambda$prepare$0(TestMethodTestDescriptor.java:105) ~[junit-jupiter-engine-5.9.1.jar:5.9.1]
	at org.junit.platform.engine.support.hierarchical.ThrowableCollector.execute(ThrowableCollector.java:73) ~[junit-platform-engine-1.9.1.jar:1.9.1]
	at org.junit.jupiter.engine.descriptor.TestMethodTestDescriptor.prepare(TestMethodTestDescriptor.java:104) ~[junit-jupiter-engine-5.9.1.jar:5.9.1]
	at org.junit.jupiter.engine.descriptor.TestMethodTestDescriptor.prepare(TestMethodTestDescriptor.java:68) ~[junit-jupiter-engine-5.9.1.jar:5.9.1]
	at org.junit.platform.engine.support.hierarchical.NodeTestTask.lambda$prepare$2(NodeTestTask.java:123) ~[junit-platform-engine-1.9.1.jar:1.9.1]
	at org.junit.platform.engine.support.hierarchical.ThrowableCollector.execute(ThrowableCollector.java:73) ~[junit-platform-engine-1.9.1.jar:1.9.1]
	at org.junit.platform.engine.support.hierarchical.NodeTestTask.prepare(NodeTestTask.java:123) ~[junit-platform-engine-1.9.1.jar:1.9.1]
	at org.junit.platform.engine.support.hierarchical.NodeTestTask.execute(NodeTestTask.java:90) ~[junit-platform-engine-1.9.1.jar:1.9.1]
	at java.base/java.util.ArrayList.forEach(ArrayList.java:1511) ~[na:na]
	at org.junit.platform.engine.support.hierarchical.SameThreadHierarchicalTestExecutorService.invokeAll(SameThreadHierarchicalTestExecutorService.java:41) ~[junit-platform-engine-1.9.1.jar:1.9.1]
	at org.junit.platform.engine.support.hierarchical.NodeTestTask.lambda$executeRecursively$6(NodeTestTask.java:155) ~[junit-platform-engine-1.9.1.jar:1.9.1]
	at org.junit.platform.engine.support.hierarchical.ThrowableCollector.execute(ThrowableCollector.java:73) ~[junit-platform-engine-1.9.1.jar:1.9.1]
	at org.junit.platform.engine.support.hierarchical.NodeTestTask.lambda$executeRecursively$8(NodeTestTask.java:141) ~[junit-platform-engine-1.9.1.jar:1.9.1]
	at org.junit.platform.engine.support.hierarchical.Node.around(Node.java:137) ~[junit-platform-engine-1.9.1.jar:1.9.1]
	at org.junit.platform.engine.support.hierarchical.NodeTestTask.lambda$executeRecursively$9(NodeTestTask.java:139) ~[junit-platform-engine-1.9.1.jar:1.9.1]
	at org.junit.platform.engine.support.hierarchical.ThrowableCollector.execute(ThrowableCollector.java:73) ~[junit-platform-engine-1.9.1.jar:1.9.1]
	at org.junit.platform.engine.support.hierarchical.NodeTestTask.executeRecursively(NodeTestTask.java:138) ~[junit-platform-engine-1.9.1.jar:1.9.1]
	at org.junit.platform.engine.support.hierarchical.NodeTestTask.execute(NodeTestTask.java:95) ~[junit-platform-engine-1.9.1.jar:1.9.1]
	at java.base/java.util.ArrayList.forEach(ArrayList.java:1511) ~[na:na]
	at org.junit.platform.engine.support.hierarchical.SameThreadHierarchicalTestExecutorService.invokeAll(SameThreadHierarchicalTestExecutorService.java:41) ~[junit-platform-engine-1.9.1.jar:1.9.1]
	at org.junit.platform.engine.support.hierarchical.NodeTestTask.lambda$executeRecursively$6(NodeTestTask.java:155) ~[junit-platform-engine-1.9.1.jar:1.9.1]
	at org.junit.platform.engine.support.hierarchical.ThrowableCollector.execute(ThrowableCollector.java:73) ~[junit-platform-engine-1.9.1.jar:1.9.1]
	at org.junit.platform.engine.support.hierarchical.NodeTestTask.lambda$executeRecursively$8(NodeTestTask.java:141) ~[junit-platform-engine-1.9.1.jar:1.9.1]
	at org.junit.platform.engine.support.hierarchical.Node.around(Node.java:137) ~[junit-platform-engine-1.9.1.jar:1.9.1]
	at org.junit.platform.engine.support.hierarchical.NodeTestTask.lambda$executeRecursively$9(NodeTestTask.java:139) ~[junit-platform-engine-1.9.1.jar:1.9.1]
	at org.junit.platform.engine.support.hierarchical.ThrowableCollector.execute(ThrowableCollector.java:73) ~[junit-platform-engine-1.9.1.jar:1.9.1]
	at org.junit.platform.engine.support.hierarchical.NodeTestTask.executeRecursively(NodeTestTask.java:138) ~[junit-platform-engine-1.9.1.jar:1.9.1]
	at org.junit.platform.engine.support.hierarchical.NodeTestTask.execute(NodeTestTask.java:95) ~[junit-platform-engine-1.9.1.jar:1.9.1]
	at org.junit.platform.engine.support.hierarchical.SameThreadHierarchicalTestExecutorService.submit(SameThreadHierarchicalTestExecutorService.java:35) ~[junit-platform-engine-1.9.1.jar:1.9.1]
	at org.junit.platform.engine.support.hierarchical.HierarchicalTestExecutor.execute(HierarchicalTestExecutor.java:57) ~[junit-platform-engine-1.9.1.jar:1.9.1]
	at org.junit.platform.engine.support.hierarchical.HierarchicalTestEngine.execute(HierarchicalTestEngine.java:54) ~[junit-platform-engine-1.9.1.jar:1.9.1]
	at org.junit.platform.launcher.core.DefaultLauncher.execute(DefaultLauncher.java:220) ~[junit-platform-launcher-1.3.1.jar:1.3.1]
	at org.junit.platform.launcher.core.DefaultLauncher.lambda$execute$6(DefaultLauncher.java:188) ~[junit-platform-launcher-1.3.1.jar:1.3.1]
	at org.junit.platform.launcher.core.DefaultLauncher.withInterceptedStreams(DefaultLauncher.java:202) ~[junit-platform-launcher-1.3.1.jar:1.3.1]
	at org.junit.platform.launcher.core.DefaultLauncher.execute(DefaultLauncher.java:181) ~[junit-platform-launcher-1.3.1.jar:1.3.1]
	at org.junit.platform.launcher.core.DefaultLauncher.execute(DefaultLauncher.java:128) ~[junit-platform-launcher-1.3.1.jar:1.3.1]
	at org.apache.maven.surefire.junitplatform.JUnitPlatformProvider.invokeAllTests(JUnitPlatformProvider.java:150) ~[surefire-junit-platform-2.22.2.jar:2.22.2]
	at org.apache.maven.surefire.junitplatform.JUnitPlatformProvider.invoke(JUnitPlatformProvider.java:124) ~[surefire-junit-platform-2.22.2.jar:2.22.2]
	at org.apache.maven.surefire.booter.ForkedBooter.invokeProviderInSameClassLoader(ForkedBooter.java:384) ~[surefire-booter-2.22.2.jar:2.22.2]
	at org.apache.maven.surefire.booter.ForkedBooter.runSuitesInProcess(ForkedBooter.java:345) ~[surefire-booter-2.22.2.jar:2.22.2]
	at org.apache.maven.surefire.booter.ForkedBooter.execute(ForkedBooter.java:126) ~[surefire-booter-2.22.2.jar:2.22.2]
	at org.apache.maven.surefire.booter.ForkedBooter.main(ForkedBooter.java:418) ~[surefire-booter-2.22.2.jar:2.22.2]
Caused by: org.springframework.beans.factory.UnsatisfiedDependencyException: Error creating bean with name 'mainController': Unsatisfied dependency expressed through field 'apiService': Error creating bean with name 'APIService': Invocation of init method failed
	at org.springframework.beans.factory.annotation.AutowiredAnnotationBeanPostProcessor$AutowiredFieldElement.resolveFieldValue(AutowiredAnnotationBeanPostProcessor.java:712) ~[spring-beans-6.0.2.jar:6.0.2]
	at org.springframework.beans.factory.annotation.AutowiredAnnotationBeanPostProcessor$AutowiredFieldElement.inject(AutowiredAnnotationBeanPostProcessor.java:692) ~[spring-beans-6.0.2.jar:6.0.2]
	at org.springframework.beans.factory.annotation.InjectionMetadata.inject(InjectionMetadata.java:127) ~[spring-beans-6.0.2.jar:6.0.2]
	at org.springframework.beans.factory.annotation.AutowiredAnnotationBeanPostProcessor.postProcessProperties(AutowiredAnnotationBeanPostProcessor.java:481) ~[spring-beans-6.0.2.jar:6.0.2]
	at org.springframework.beans.factory.support.AbstractAutowireCapableBeanFactory.populateBean(AbstractAutowireCapableBeanFactory.java:1397) ~[spring-beans-6.0.2.jar:6.0.2]
	at org.springframework.beans.factory.support.AbstractAutowireCapableBeanFactory.doCreateBean(AbstractAutowireCapableBeanFactory.java:598) ~[spring-beans-6.0.2.jar:6.0.2]
	at org.springframework.beans.factory.support.AbstractAutowireCapableBeanFactory.createBean(AbstractAutowireCapableBeanFactory.java:521) ~[spring-beans-6.0.2.jar:6.0.2]
	at org.springframework.beans.factory.support.AbstractBeanFactory.lambda$doGetBean$0(AbstractBeanFactory.java:326) ~[spring-beans-6.0.2.jar:6.0.2]
	at org.springframework.beans.factory.support.DefaultSingletonBeanRegistry.getSingleton(DefaultSingletonBeanRegistry.java:234) ~[spring-beans-6.0.2.jar:6.0.2]
	at org.springframework.beans.factory.support.AbstractBeanFactory.doGetBean(AbstractBeanFactory.java:324) ~[spring-beans-6.0.2.jar:6.0.2]
	at org.springframework.beans.factory.support.AbstractBeanFactory.getBean(AbstractBeanFactory.java:200) ~[spring-beans-6.0.2.jar:6.0.2]
	at org.springframework.beans.factory.support.DefaultListableBeanFactory.preInstantiateSingletons(DefaultListableBeanFactory.java:961) ~[spring-beans-6.0.2.jar:6.0.2]
	at org.springframework.context.support.AbstractApplicationContext.finishBeanFactoryInitialization(AbstractApplicationContext.java:915) ~[spring-context-6.0.2.jar:6.0.2]
	at org.springframework.context.support.AbstractApplicationContext.refresh(AbstractApplicationContext.java:584) ~[spring-context-6.0.2.jar:6.0.2]
	at org.springframework.boot.SpringApplication.refresh(SpringApplication.java:730) ~[spring-boot-3.0.0.jar:3.0.0]
	at org.springframework.boot.SpringApplication.refreshContext(SpringApplication.java:432) ~[spring-boot-3.0.0.jar:3.0.0]
	at org.springframework.boot.SpringApplication.run(SpringApplication.java:308) ~[spring-boot-3.0.0.jar:3.0.0]
	at org.springframework.boot.test.context.SpringBootContextLoader.lambda$loadContext$3(SpringBootContextLoader.java:137) ~[spring-boot-test-3.0.0.jar:3.0.0]
	at org.springframework.util.function.ThrowingSupplier.get(ThrowingSupplier.java:59) ~[spring-core-6.0.2.jar:6.0.2]
	at org.springframework.util.function.ThrowingSupplier.get(ThrowingSupplier.java:47) ~[spring-core-6.0.2.jar:6.0.2]
	at org.springframework.boot.SpringApplication.withHook(SpringApplication.java:1386) ~[spring-boot-3.0.0.jar:3.0.0]
	at org.springframework.boot.test.context.SpringBootContextLoader$ContextLoaderHook.run(SpringBootContextLoader.java:543) ~[spring-boot-test-3.0.0.jar:3.0.0]
	at org.springframework.boot.test.context.SpringBootContextLoader.loadContext(SpringBootContextLoader.java:137) ~[spring-boot-test-3.0.0.jar:3.0.0]
	at org.springframework.boot.test.context.SpringBootContextLoader.loadContext(SpringBootContextLoader.java:108) ~[spring-boot-test-3.0.0.jar:3.0.0]
	at org.springframework.test.context.cache.DefaultCacheAwareContextLoaderDelegate.loadContextInternal(DefaultCacheAwareContextLoaderDelegate.java:183) ~[spring-test-6.0.2.jar:6.0.2]
	at org.springframework.test.context.cache.DefaultCacheAwareContextLoaderDelegate.loadContext(DefaultCacheAwareContextLoaderDelegate.java:117) ~[spring-test-6.0.2.jar:6.0.2]
	... 67 common frames omitted
Caused by: org.springframework.beans.factory.BeanCreationException: Error creating bean with name 'APIService': Invocation of init method failed
	at org.springframework.beans.factory.annotation.InitDestroyAnnotationBeanPostProcessor.postProcessBeforeInitialization(InitDestroyAnnotationBeanPostProcessor.java:195) ~[spring-beans-6.0.2.jar:6.0.2]
	at org.springframework.beans.factory.support.AbstractAutowireCapableBeanFactory.applyBeanPostProcessorsBeforeInitialization(AbstractAutowireCapableBeanFactory.java:420) ~[spring-beans-6.0.2.jar:6.0.2]
	at org.springframework.beans.factory.support.AbstractAutowireCapableBeanFactory.initializeBean(AbstractAutowireCapableBeanFactory.java:1743) ~[spring-beans-6.0.2.jar:6.0.2]
	at org.springframework.beans.factory.support.AbstractAutowireCapableBeanFactory.doCreateBean(AbstractAutowireCapableBeanFactory.java:599) ~[spring-beans-6.0.2.jar:6.0.2]
	at org.springframework.beans.factory.support.AbstractAutowireCapableBeanFactory.createBean(AbstractAutowireCapableBeanFactory.java:521) ~[spring-beans-6.0.2.jar:6.0.2]
	at org.springframework.beans.factory.support.AbstractBeanFactory.lambda$doGetBean$0(AbstractBeanFactory.java:326) ~[spring-beans-6.0.2.jar:6.0.2]
	at org.springframework.beans.factory.support.DefaultSingletonBeanRegistry.getSingleton(DefaultSingletonBeanRegistry.java:234) ~[spring-beans-6.0.2.jar:6.0.2]
	at org.springframework.beans.factory.support.AbstractBeanFactory.doGetBean(AbstractBeanFactory.java:324) ~[spring-beans-6.0.2.jar:6.0.2]
	at org.springframework.beans.factory.support.AbstractBeanFactory.getBean(AbstractBeanFactory.java:200) ~[spring-beans-6.0.2.jar:6.0.2]
	at org.springframework.beans.factory.config.DependencyDescriptor.resolveCandidate(DependencyDescriptor.java:254) ~[spring-beans-6.0.2.jar:6.0.2]
	at org.springframework.beans.factory.support.DefaultListableBeanFactory.doResolveDependency(DefaultListableBeanFactory.java:1405) ~[spring-beans-6.0.2.jar:6.0.2]
	at org.springframework.beans.factory.support.DefaultListableBeanFactory.resolveDependency(DefaultListableBeanFactory.java:1325) ~[spring-beans-6.0.2.jar:6.0.2]
	at org.springframework.beans.factory.annotation.AutowiredAnnotationBeanPostProcessor$AutowiredFieldElement.resolveFieldValue(AutowiredAnnotationBeanPostProcessor.java:709) ~[spring-beans-6.0.2.jar:6.0.2]
	... 92 common frames omitted
Caused by: java.lang.NoSuchMethodError: 'float org.json.JSONObject.getFloat(java.lang.String)'
	at com.vish.trackerapp.service.APIService.getAPIData(APIService.java:85) ~[classes/:na]
	at java.base/jdk.internal.reflect.NativeMethodAccessorImpl.invoke0(Native Method) ~[na:na]
	at java.base/jdk.internal.reflect.NativeMethodAccessorImpl.invoke(NativeMethodAccessorImpl.java:77) ~[na:na]
	at java.base/jdk.internal.reflect.DelegatingMethodAccessorImpl.invoke(DelegatingMethodAccessorImpl.java:43) ~[na:na]
	at java.base/java.lang.reflect.Method.invoke(Method.java:568) ~[na:na]
	at org.springframework.beans.factory.annotation.InitDestroyAnnotationBeanPostProcessor$LifecycleElement.invoke(InitDestroyAnnotationBeanPostProcessor.java:424) ~[spring-beans-6.0.2.jar:6.0.2]
	at org.springframework.beans.factory.annotation.InitDestroyAnnotationBeanPostProcessor$LifecycleMetadata.invokeInitMethods(InitDestroyAnnotationBeanPostProcessor.java:368) ~[spring-beans-6.0.2.jar:6.0.2]
	at org.springframework.beans.factory.annotation.InitDestroyAnnotationBeanPostProcessor.postProcessBeforeInitialization(InitDestroyAnnotationBeanPostProcessor.java:192) ~[spring-beans-6.0.2.jar:6.0.2]
	... 104 common frames omitted

]]></system-out>
    <system-err><![CDATA[


============================
CONDITIONS EVALUATION REPORT
============================


Positive matches:
-----------------

    None


Negative matches:
-----------------

    None


Exclusions:
-----------

    None


Unconditional classes:
----------------------

    None



]]></system-err>
  </testcase>
</testsuite>